13/11/2019 10:58:22 Namespace(dms_file='ExampleFiles/pasb_surf.dms', in_file='ExampleFiles/dock.in', mol2_filename='ExampleFiles/4ll0_acryl_lig.mol2', protein_mol2='ExampleFiles/pasb.mol2')
13/11/2019 10:58:22 Mapping...
13/11/2019 10:58:22 Well hello there :)
13/11/2019 10:58:22 1
13/11/2019 11:02:17 Namespace(dms_file='ExampleFiles/pasb_surf.dms', in_file='ExampleFiles/dock.in', mol2_filename='ExampleFiles/4ll0_acryl_lig.mol2', protein_mol2='ExampleFiles/pasb.mol2')
13/11/2019 11:02:17 Mapping...
13/11/2019 11:02:17 Well hello there :)
13/11/2019 11:02:17 1
13/11/2019 11:02:52 Namespace(dms_file='ExampleFiles/pasb_surf.dms', in_file='ExampleFiles/dock.in', mol2_filename='ExampleFiles/4ll0_acryl_lig.mol2', protein_mol2='ExampleFiles/pasb.mol2')
13/11/2019 11:02:52 Mapping...
13/11/2019 11:02:52 Well hello there :)
13/11/2019 11:02:52 1
13/11/2019 11:04:28 Namespace(dms_file='ExampleFiles/pasb_surf.dms', in_file='ExampleFiles/dock.in', mol2_filename='ExampleFiles/4ll0_acryl_lig.mol2', protein_mol2='ExampleFiles/pasb.mol2')
13/11/2019 11:04:52 Namespace(dms_file='ExampleFiles/pasb_surf.dms', in_file='ExampleFiles/dock.in', mol2_filename='ExampleFiles/4ll0_acryl_lig.mol2', protein_mol2='ExampleFiles/pasb.mol2')
13/11/2019 11:04:52 Mapping...
13/11/2019 11:04:52 Well hello there :)
13/11/2019 11:04:52 1
13/11/2019 11:05:04 Namespace(dms_file='ExampleFiles/pasb_surf.dms', in_file='ExampleFiles/dock.in', mol2_filename='ExampleFiles/4ll0_acryl_lig.mol2', protein_mol2='ExampleFiles/pasb.mol2')
13/11/2019 11:05:04 Mapping...
13/11/2019 11:05:04 Well hello there :)
13/11/2019 11:05:04 1
13/11/2019 11:05:42 Namespace(dms_file='ExampleFiles/pasb_surf.dms', in_file='ExampleFiles/dock.in', mol2_filename='ExampleFiles/4ll0_acryl_lig.mol2', protein_mol2='ExampleFiles/pasb.mol2')
13/11/2019 11:05:42 Mapping...
13/11/2019 11:05:42 Well hello there :)
13/11/2019 11:05:42 1
13/11/2019 11:07:47 Namespace(dms_file='ExampleFiles/pasb_surf.dms', in_file='ExampleFiles/dock.in', mol2_filename='ExampleFiles/4ll0_acryl_lig.mol2', protein_mol2='ExampleFiles/pasb.mol2')
13/11/2019 11:07:47 Mapping...
13/11/2019 11:07:47 Well hello there :)
13/11/2019 11:07:47 1
13/11/2019 11:08:29 Namespace(dms_file='ExampleFiles/pasb_surf.dms', in_file='ExampleFiles/dock.in', mol2_filename='ExampleFiles/4ll0_acryl_lig.mol2', protein_mol2='ExampleFiles/pasb.mol2')
13/11/2019 11:08:29 Mapping...
13/11/2019 11:08:29 Well hello there :)
13/11/2019 11:08:29 1
13/11/2019 11:09:59 Namespace(dms_file='ExampleFiles/pasb_surf.dms', in_file='ExampleFiles/dock.in', mol2_filename='ExampleFiles/4ll0_acryl_lig.mol2', protein_mol2='ExampleFiles/pasb.mol2')
13/11/2019 11:09:59 Mapping...
13/11/2019 11:09:59 Well hello there :)
13/11/2019 11:09:59 1
13/11/2019 11:09:59 21
13/11/2019 11:09:59 20
13/11/2019 11:09:59 0
13/11/2019 11:09:59 0
13/11/2019 11:09:59 28.9593
13/11/2019 11:09:59 4.4924
13/11/2019 11:09:59 -12.7671
13/11/2019 11:09:59 28.7463
13/11/2019 11:09:59 5.479400000000002
13/11/2019 11:09:59 -13.729099999999999
13/11/2019 11:09:59 29.9223
13/11/2019 11:09:59 5.5904000000000025
13/11/2019 11:09:59 -15.214099999999998
13/11/2019 11:09:59 27.5483
13/11/2019 11:09:59 6.163400000000003
13/11/2019 11:09:59 -13.769099999999998
13/11/2019 11:09:59 26.5423
13/11/2019 11:09:59 5.846400000000003
13/11/2019 11:09:59 -12.856099999999998
13/11/2019 11:09:59 26.7423
13/11/2019 11:09:59 4.823400000000003
13/11/2019 11:09:59 -11.928099999999997
13/11/2019 11:09:59 27.945300000000003
13/11/2019 11:09:59 4.150400000000001
13/11/2019 11:09:59 -11.872099999999996
13/11/2019 11:09:59 28.188299999999998
13/11/2019 11:09:59 3.3474000000000004
13/11/2019 11:09:59 -10.8341
13/11/2019 11:09:59 29.4193
13/11/2019 11:09:59 2.9594000000000023
13/11/2019 11:09:59 -10.496099999999998
13/11/2019 11:09:59 29.6173
13/11/2019 11:09:59 1.8994
13/11/2019 11:09:59 -9.621099999999998
13/11/2019 11:09:59 28.5533
13/11/2019 11:09:59 1.1254000000000026
13/11/2019 11:09:59 -9.173099999999998
13/11/2019 11:09:59 30.485300000000002
13/11/2019 11:09:59 3.516400000000001
13/11/2019 11:09:59 -11.089099999999998
13/11/2019 11:09:59 31.7153
13/11/2019 11:09:59 3.105400000000003
13/11/2019 11:09:59 -10.823099999999997
13/11/2019 11:09:59 31.939300000000003
13/11/2019 11:09:59 2.1144
13/11/2019 11:09:59 -9.983099999999997
13/11/2019 11:09:59 30.9233
13/11/2019 11:09:59 1.482400000000002
13/11/2019 11:09:59 -9.379099999999998
13/11/2019 11:09:59 31.1583
13/11/2019 11:09:59 0.29240000000000066
13/11/2019 11:09:59 -8.698099999999997
13/11/2019 11:09:59 30.0913
13/11/2019 11:09:59 -0.4845999999999968
13/11/2019 11:09:59 -8.272099999999998
13/11/2019 11:09:59 28.7863
13/11/2019 11:09:59 -0.07259999999999778
13/11/2019 11:09:59 -8.507099999999998
13/11/2019 11:09:59 27.7743
13/11/2019 11:09:59 -0.7945999999999991
13/11/2019 11:09:59 -8.045099999999998
13/11/2019 11:09:59 26.5183
13/11/2019 11:09:59 -0.3785999999999987
13/11/2019 11:09:59 -8.167099999999998
13/11/2019 11:09:59 26.1993
13/11/2019 11:09:59 0.7374000000000009
13/11/2019 11:09:59 -8.572099999999999
13/11/2019 11:09:59 25.4593
13/11/2019 11:09:59 -1.3325999999999993
13/11/2019 11:09:59 -7.616099999999999
13/11/2019 11:09:59 25.2303
13/11/2019 11:09:59 -1.0705999999999989
13/11/2019 11:09:59 -6.128099999999996
13/11/2019 11:09:59 29.9141
13/11/2019 11:09:59 3.9903000000000013
13/11/2019 11:09:59 -12.714699999999997
13/11/2019 11:09:59 27.390500000000003
13/11/2019 11:09:59 6.939700000000002
13/11/2019 11:09:59 -14.503099999999996
13/11/2019 11:09:59 25.6102
13/11/2019 11:09:59 6.3918
13/11/2019 11:09:59 -12.867399999999996
13/11/2019 11:09:59 25.9477
13/11/2019 11:09:59 4.556000000000001
13/11/2019 11:09:59 -11.2473
13/11/2019 11:09:59 27.4085
13/11/2019 11:09:59 3.020100000000003
13/11/2019 11:09:59 -10.281899999999997
13/11/2019 11:09:59 27.5395
13/11/2019 11:09:59 1.456500000000002
13/11/2019 11:09:59 -9.3433
13/11/2019 11:09:59 32.551500000000004
13/11/2019 11:09:59 3.5914
13/11/2019 11:09:59 -11.3036
13/11/2019 11:09:59 32.1712
13/11/2019 11:09:59 -0.026299999999999102
13/11/2019 11:09:59 -8.501199999999997
13/11/2019 11:09:59 30.276400000000002
13/11/2019 11:09:59 -1.4146
13/11/2019 11:09:59 -7.755099999999999
13/11/2019 11:09:59 27.9619
13/11/2019 11:09:59 -1.6774999999999984
13/11/2019 11:09:59 -7.591899999999995
13/11/2019 11:09:59 24.5243
13/11/2019 11:09:59 -1.1846999999999994
13/11/2019 11:09:59 -8.156499999999998
13/11/2019 11:09:59 24.4734
13/11/2019 11:09:59 -1.7577999999999996
13/11/2019 11:09:59 -5.749899999999997
13/11/2019 11:09:59 26.1629
13/11/2019 11:09:59 -1.222999999999999
13/11/2019 11:09:59 -5.5848999999999975
13/11/2019 11:09:59 Rotating...
13/11/2019 11:10:46 Namespace(dms_file='ExampleFiles/pasb_surf.dms', in_file='ExampleFiles/dock.in', mol2_filename='ExampleFiles/4ll0_acryl_lig.mol2', protein_mol2='ExampleFiles/pasb.mol2')
13/11/2019 11:10:46 Mapping...
13/11/2019 11:10:46 Well hello there :)
13/11/2019 11:10:46 1
13/11/2019 11:10:46 21
13/11/2019 11:10:46 20
13/11/2019 11:10:46 0
13/11/2019 11:10:46 0
13/11/2019 11:10:46 28.9593
13/11/2019 11:10:46 4.4924
13/11/2019 11:10:46 -12.7671
13/11/2019 11:10:46 28.7463
13/11/2019 11:10:46 5.479400000000002
13/11/2019 11:10:46 -13.729099999999999
13/11/2019 11:10:46 29.9223
13/11/2019 11:10:46 5.5904000000000025
13/11/2019 11:10:46 -15.214099999999998
13/11/2019 11:10:46 27.5483
13/11/2019 11:10:46 6.163400000000003
13/11/2019 11:10:46 -13.769099999999998
13/11/2019 11:10:46 26.5423
13/11/2019 11:10:46 5.846400000000003
13/11/2019 11:10:46 -12.856099999999998
13/11/2019 11:10:46 26.7423
13/11/2019 11:10:46 4.823400000000003
13/11/2019 11:10:46 -11.928099999999997
13/11/2019 11:10:46 27.945300000000003
13/11/2019 11:10:46 4.150400000000001
13/11/2019 11:10:46 -11.872099999999996
13/11/2019 11:10:46 28.188299999999998
13/11/2019 11:10:46 3.3474000000000004
13/11/2019 11:10:46 -10.8341
13/11/2019 11:10:46 29.4193
13/11/2019 11:10:46 2.9594000000000023
13/11/2019 11:10:46 -10.496099999999998
13/11/2019 11:10:46 29.6173
13/11/2019 11:10:46 1.8994
13/11/2019 11:10:46 -9.621099999999998
13/11/2019 11:10:46 28.5533
13/11/2019 11:10:46 1.1254000000000026
13/11/2019 11:10:46 -9.173099999999998
13/11/2019 11:10:46 30.485300000000002
13/11/2019 11:10:46 3.516400000000001
13/11/2019 11:10:46 -11.089099999999998
13/11/2019 11:10:46 31.7153
13/11/2019 11:10:46 3.105400000000003
13/11/2019 11:10:46 -10.823099999999997
13/11/2019 11:10:46 31.939300000000003
13/11/2019 11:10:46 2.1144
13/11/2019 11:10:46 -9.983099999999997
13/11/2019 11:10:46 30.9233
13/11/2019 11:10:46 1.482400000000002
13/11/2019 11:10:46 -9.379099999999998
13/11/2019 11:10:46 31.1583
13/11/2019 11:10:46 0.29240000000000066
13/11/2019 11:10:46 -8.698099999999997
13/11/2019 11:10:46 30.0913
13/11/2019 11:10:46 -0.4845999999999968
13/11/2019 11:10:46 -8.272099999999998
13/11/2019 11:10:46 28.7863
13/11/2019 11:10:46 -0.07259999999999778
13/11/2019 11:10:46 -8.507099999999998
13/11/2019 11:10:46 27.7743
13/11/2019 11:10:46 -0.7945999999999991
13/11/2019 11:10:46 -8.045099999999998
13/11/2019 11:10:46 26.5183
13/11/2019 11:10:46 -0.3785999999999987
13/11/2019 11:10:46 -8.167099999999998
13/11/2019 11:10:46 26.1993
13/11/2019 11:10:46 0.7374000000000009
13/11/2019 11:10:46 -8.572099999999999
13/11/2019 11:10:46 25.4593
13/11/2019 11:10:46 -1.3325999999999993
13/11/2019 11:10:46 -7.616099999999999
13/11/2019 11:10:46 25.2303
13/11/2019 11:10:46 -1.0705999999999989
13/11/2019 11:10:46 -6.128099999999996
13/11/2019 11:10:46 29.9141
13/11/2019 11:10:46 3.9903000000000013
13/11/2019 11:10:46 -12.714699999999997
13/11/2019 11:10:46 27.390500000000003
13/11/2019 11:10:46 6.939700000000002
13/11/2019 11:10:46 -14.503099999999996
13/11/2019 11:10:46 25.6102
13/11/2019 11:10:46 6.3918
13/11/2019 11:10:46 -12.867399999999996
13/11/2019 11:10:46 25.9477
13/11/2019 11:10:46 4.556000000000001
13/11/2019 11:10:46 -11.2473
13/11/2019 11:10:46 27.4085
13/11/2019 11:10:46 3.020100000000003
13/11/2019 11:10:46 -10.281899999999997
13/11/2019 11:10:46 27.5395
13/11/2019 11:10:46 1.456500000000002
13/11/2019 11:10:46 -9.3433
13/11/2019 11:10:46 32.551500000000004
13/11/2019 11:10:46 3.5914
13/11/2019 11:10:46 -11.3036
13/11/2019 11:10:46 32.1712
13/11/2019 11:10:46 -0.026299999999999102
13/11/2019 11:10:46 -8.501199999999997
13/11/2019 11:10:46 30.276400000000002
13/11/2019 11:10:46 -1.4146
13/11/2019 11:10:46 -7.755099999999999
13/11/2019 11:10:46 27.9619
13/11/2019 11:10:46 -1.6774999999999984
13/11/2019 11:10:46 -7.591899999999995
13/11/2019 11:10:46 24.5243
13/11/2019 11:10:46 -1.1846999999999994
13/11/2019 11:10:46 -8.156499999999998
13/11/2019 11:10:46 24.4734
13/11/2019 11:10:46 -1.7577999999999996
13/11/2019 11:10:46 -5.749899999999997
13/11/2019 11:10:46 26.1629
13/11/2019 11:10:46 -1.222999999999999
13/11/2019 11:10:46 -5.5848999999999975
13/11/2019 11:10:46 Rotating...
13/11/2019 11:10:46 Error: no adjecent sp2 carbon
13/11/2019 11:10:46 Hybridising...
13/11/2019 11:13:53 Namespace(dms_file='ExampleFiles/pasb_surf.dms', in_file='ExampleFiles/dock.in', mol2_filename='ExampleFiles/4ll0_acryl_lig.mol2', protein_mol2='ExampleFiles/pasb.mol2')
13/11/2019 11:13:53 Mapping...
13/11/2019 11:13:53 Well hello there :)
13/11/2019 11:13:53 1
13/11/2019 11:13:53 21
13/11/2019 11:13:53 20
13/11/2019 11:13:53 0
13/11/2019 11:13:53 0
13/11/2019 11:13:53 28.9593
13/11/2019 11:13:53 4.4924
13/11/2019 11:13:53 -12.7671
13/11/2019 11:13:53 28.7463
13/11/2019 11:13:53 5.479400000000002
13/11/2019 11:13:53 -13.729099999999999
13/11/2019 11:13:53 29.9223
13/11/2019 11:13:53 5.5904000000000025
13/11/2019 11:13:53 -15.214099999999998
13/11/2019 11:13:53 27.5483
13/11/2019 11:13:53 6.163400000000003
13/11/2019 11:13:53 -13.769099999999998
13/11/2019 11:13:53 26.5423
13/11/2019 11:13:53 5.846400000000003
13/11/2019 11:13:53 -12.856099999999998
13/11/2019 11:13:53 26.7423
13/11/2019 11:13:53 4.823400000000003
13/11/2019 11:13:53 -11.928099999999997
13/11/2019 11:13:53 27.945300000000003
13/11/2019 11:13:53 4.150400000000001
13/11/2019 11:13:53 -11.872099999999996
13/11/2019 11:13:53 28.188299999999998
13/11/2019 11:13:53 3.3474000000000004
13/11/2019 11:13:53 -10.8341
13/11/2019 11:13:53 29.4193
13/11/2019 11:13:53 2.9594000000000023
13/11/2019 11:13:53 -10.496099999999998
13/11/2019 11:13:53 29.6173
13/11/2019 11:13:53 1.8994
13/11/2019 11:13:53 -9.621099999999998
13/11/2019 11:13:53 28.5533
13/11/2019 11:13:53 1.1254000000000026
13/11/2019 11:13:53 -9.173099999999998
13/11/2019 11:13:53 30.485300000000002
13/11/2019 11:13:53 3.516400000000001
13/11/2019 11:13:53 -11.089099999999998
13/11/2019 11:13:53 31.7153
13/11/2019 11:13:53 3.105400000000003
13/11/2019 11:13:53 -10.823099999999997
13/11/2019 11:13:53 31.939300000000003
13/11/2019 11:13:53 2.1144
13/11/2019 11:13:53 -9.983099999999997
13/11/2019 11:13:53 30.9233
13/11/2019 11:13:53 1.482400000000002
13/11/2019 11:13:53 -9.379099999999998
13/11/2019 11:13:53 31.1583
13/11/2019 11:13:53 0.29240000000000066
13/11/2019 11:13:53 -8.698099999999997
13/11/2019 11:13:53 30.0913
13/11/2019 11:13:53 -0.4845999999999968
13/11/2019 11:13:53 -8.272099999999998
13/11/2019 11:13:53 28.7863
13/11/2019 11:13:53 -0.07259999999999778
13/11/2019 11:13:53 -8.507099999999998
13/11/2019 11:13:53 27.7743
13/11/2019 11:13:53 -0.7945999999999991
13/11/2019 11:13:53 -8.045099999999998
13/11/2019 11:13:53 26.5183
13/11/2019 11:13:53 -0.3785999999999987
13/11/2019 11:13:53 -8.167099999999998
13/11/2019 11:13:53 26.1993
13/11/2019 11:13:53 0.7374000000000009
13/11/2019 11:13:53 -8.572099999999999
13/11/2019 11:13:53 25.4593
13/11/2019 11:13:53 -1.3325999999999993
13/11/2019 11:13:53 -7.616099999999999
13/11/2019 11:13:53 25.2303
13/11/2019 11:13:53 -1.0705999999999989
13/11/2019 11:13:53 -6.128099999999996
13/11/2019 11:13:53 29.9141
13/11/2019 11:13:53 3.9903000000000013
13/11/2019 11:13:53 -12.714699999999997
13/11/2019 11:13:53 27.390500000000003
13/11/2019 11:13:53 6.939700000000002
13/11/2019 11:13:53 -14.503099999999996
13/11/2019 11:13:53 25.6102
13/11/2019 11:13:53 6.3918
13/11/2019 11:13:53 -12.867399999999996
13/11/2019 11:13:53 25.9477
13/11/2019 11:13:53 4.556000000000001
13/11/2019 11:13:53 -11.2473
13/11/2019 11:13:53 27.4085
13/11/2019 11:13:53 3.020100000000003
13/11/2019 11:13:53 -10.281899999999997
13/11/2019 11:13:53 27.5395
13/11/2019 11:13:53 1.456500000000002
13/11/2019 11:13:53 -9.3433
13/11/2019 11:13:53 32.551500000000004
13/11/2019 11:13:53 3.5914
13/11/2019 11:13:53 -11.3036
13/11/2019 11:13:53 32.1712
13/11/2019 11:13:53 -0.026299999999999102
13/11/2019 11:13:53 -8.501199999999997
13/11/2019 11:13:53 30.276400000000002
13/11/2019 11:13:53 -1.4146
13/11/2019 11:13:53 -7.755099999999999
13/11/2019 11:13:53 27.9619
13/11/2019 11:13:53 -1.6774999999999984
13/11/2019 11:13:53 -7.591899999999995
13/11/2019 11:13:53 24.5243
13/11/2019 11:13:53 -1.1846999999999994
13/11/2019 11:13:53 -8.156499999999998
13/11/2019 11:13:53 24.4734
13/11/2019 11:13:53 -1.7577999999999996
13/11/2019 11:13:53 -5.749899999999997
13/11/2019 11:13:53 26.1629
13/11/2019 11:13:53 -1.222999999999999
13/11/2019 11:13:53 -5.5848999999999975
13/11/2019 11:13:53 Rotating...
13/11/2019 11:13:53 Error: no adjecent sp2 carbon
13/11/2019 11:13:53 Hybridising...
13/11/2019 11:14:41 Namespace(dms_file='ExampleFiles/pasb_surf.dms', in_file='ExampleFiles/dock.in', mol2_filename='ExampleFiles/4ll0_acryl_lig.mol2', protein_mol2='ExampleFiles/pasb.mol2')
13/11/2019 11:14:41 Mapping...
13/11/2019 11:14:41 Well hello there :)
13/11/2019 11:14:41 1
13/11/2019 11:14:41 21
13/11/2019 11:14:41 20
13/11/2019 11:14:41 0
13/11/2019 11:14:41 0
13/11/2019 11:14:41 28.9593
13/11/2019 11:14:41 4.4924
13/11/2019 11:14:41 -12.7671
13/11/2019 11:14:41 28.7463
13/11/2019 11:14:41 5.479400000000002
13/11/2019 11:14:41 -13.729099999999999
13/11/2019 11:14:41 29.9223
13/11/2019 11:14:41 5.5904000000000025
13/11/2019 11:14:41 -15.214099999999998
13/11/2019 11:14:41 27.5483
13/11/2019 11:14:41 6.163400000000003
13/11/2019 11:14:41 -13.769099999999998
13/11/2019 11:14:41 26.5423
13/11/2019 11:14:41 5.846400000000003
13/11/2019 11:14:41 -12.856099999999998
13/11/2019 11:14:41 26.7423
13/11/2019 11:14:41 4.823400000000003
13/11/2019 11:14:41 -11.928099999999997
13/11/2019 11:14:41 27.945300000000003
13/11/2019 11:14:41 4.150400000000001
13/11/2019 11:14:41 -11.872099999999996
13/11/2019 11:14:41 28.188299999999998
13/11/2019 11:14:41 3.3474000000000004
13/11/2019 11:14:41 -10.8341
13/11/2019 11:14:41 29.4193
13/11/2019 11:14:41 2.9594000000000023
13/11/2019 11:14:41 -10.496099999999998
13/11/2019 11:14:41 29.6173
13/11/2019 11:14:41 1.8994
13/11/2019 11:14:41 -9.621099999999998
13/11/2019 11:14:41 28.5533
13/11/2019 11:14:41 1.1254000000000026
13/11/2019 11:14:41 -9.173099999999998
13/11/2019 11:14:41 30.485300000000002
13/11/2019 11:14:41 3.516400000000001
13/11/2019 11:14:41 -11.089099999999998
13/11/2019 11:14:41 31.7153
13/11/2019 11:14:41 3.105400000000003
13/11/2019 11:14:41 -10.823099999999997
13/11/2019 11:14:41 31.939300000000003
13/11/2019 11:14:41 2.1144
13/11/2019 11:14:41 -9.983099999999997
13/11/2019 11:14:41 30.9233
13/11/2019 11:14:41 1.482400000000002
13/11/2019 11:14:41 -9.379099999999998
13/11/2019 11:14:41 31.1583
13/11/2019 11:14:41 0.29240000000000066
13/11/2019 11:14:41 -8.698099999999997
13/11/2019 11:14:41 30.0913
13/11/2019 11:14:41 -0.4845999999999968
13/11/2019 11:14:41 -8.272099999999998
13/11/2019 11:14:41 28.7863
13/11/2019 11:14:41 -0.07259999999999778
13/11/2019 11:14:41 -8.507099999999998
13/11/2019 11:14:41 27.7743
13/11/2019 11:14:41 -0.7945999999999991
13/11/2019 11:14:41 -8.045099999999998
13/11/2019 11:14:41 26.5183
13/11/2019 11:14:41 -0.3785999999999987
13/11/2019 11:14:41 -8.167099999999998
13/11/2019 11:14:41 26.1993
13/11/2019 11:14:41 0.7374000000000009
13/11/2019 11:14:41 -8.572099999999999
13/11/2019 11:14:41 25.4593
13/11/2019 11:14:41 -1.3325999999999993
13/11/2019 11:14:41 -7.616099999999999
13/11/2019 11:14:41 25.2303
13/11/2019 11:14:41 -1.0705999999999989
13/11/2019 11:14:41 -6.128099999999996
13/11/2019 11:14:41 29.9141
13/11/2019 11:14:41 3.9903000000000013
13/11/2019 11:14:41 -12.714699999999997
13/11/2019 11:14:41 27.390500000000003
13/11/2019 11:14:41 6.939700000000002
13/11/2019 11:14:41 -14.503099999999996
13/11/2019 11:14:41 25.6102
13/11/2019 11:14:41 6.3918
13/11/2019 11:14:41 -12.867399999999996
13/11/2019 11:14:41 25.9477
13/11/2019 11:14:41 4.556000000000001
13/11/2019 11:14:41 -11.2473
13/11/2019 11:14:41 27.4085
13/11/2019 11:14:41 3.020100000000003
13/11/2019 11:14:41 -10.281899999999997
13/11/2019 11:14:41 27.5395
13/11/2019 11:14:41 1.456500000000002
13/11/2019 11:14:41 -9.3433
13/11/2019 11:14:41 32.551500000000004
13/11/2019 11:14:41 3.5914
13/11/2019 11:14:41 -11.3036
13/11/2019 11:14:41 32.1712
13/11/2019 11:14:41 -0.026299999999999102
13/11/2019 11:14:41 -8.501199999999997
13/11/2019 11:14:41 30.276400000000002
13/11/2019 11:14:41 -1.4146
13/11/2019 11:14:41 -7.755099999999999
13/11/2019 11:14:41 27.9619
13/11/2019 11:14:41 -1.6774999999999984
13/11/2019 11:14:41 -7.591899999999995
13/11/2019 11:14:41 24.5243
13/11/2019 11:14:41 -1.1846999999999994
13/11/2019 11:14:41 -8.156499999999998
13/11/2019 11:14:41 24.4734
13/11/2019 11:14:41 -1.7577999999999996
13/11/2019 11:14:41 -5.749899999999997
13/11/2019 11:14:41 26.1629
13/11/2019 11:14:41 -1.222999999999999
13/11/2019 11:14:41 -5.5848999999999975
13/11/2019 11:14:41 Rotating...
13/11/2019 11:14:41 Error: no adjecent sp2 carbon
13/11/2019 11:14:41 Hybridising...
13/11/2019 11:17:21 Namespace(dms_file='ExampleFiles/pasb_surf.dms', in_file='ExampleFiles/dock.in', mol2_filename='ExampleFiles/4ll0_acryl_lig.mol2', protein_mol2='ExampleFiles/pasb.mol2')
13/11/2019 11:17:45 Namespace(dms_file='ExampleFiles/pasb_surf.dms', in_file='ExampleFiles/dock.in', mol2_filename='ExampleFiles/4ll0_acryl_lig.mol2', protein_mol2='ExampleFiles/pasb.mol2')
13/11/2019 11:17:45 Mapping...
13/11/2019 11:17:45 Well hello there :)
13/11/2019 11:17:45 1
13/11/2019 11:17:45 21
13/11/2019 11:17:45 20
13/11/2019 11:17:45 0
13/11/2019 11:17:45 0
13/11/2019 11:17:45 28.9593
13/11/2019 11:17:45 4.4924
13/11/2019 11:17:45 -12.7671
13/11/2019 11:17:45 28.7463
13/11/2019 11:17:45 5.479400000000002
13/11/2019 11:17:45 -13.729099999999999
13/11/2019 11:17:45 29.9223
13/11/2019 11:17:45 5.5904000000000025
13/11/2019 11:17:45 -15.214099999999998
13/11/2019 11:17:45 27.5483
13/11/2019 11:17:45 6.163400000000003
13/11/2019 11:17:45 -13.769099999999998
13/11/2019 11:17:45 26.5423
13/11/2019 11:17:45 5.846400000000003
13/11/2019 11:17:45 -12.856099999999998
13/11/2019 11:17:45 26.7423
13/11/2019 11:17:45 4.823400000000003
13/11/2019 11:17:45 -11.928099999999997
13/11/2019 11:17:45 27.945300000000003
13/11/2019 11:17:45 4.150400000000001
13/11/2019 11:17:45 -11.872099999999996
13/11/2019 11:17:45 28.188299999999998
13/11/2019 11:17:45 3.3474000000000004
13/11/2019 11:17:45 -10.8341
13/11/2019 11:17:45 29.4193
13/11/2019 11:17:45 2.9594000000000023
13/11/2019 11:17:45 -10.496099999999998
13/11/2019 11:17:45 29.6173
13/11/2019 11:17:45 1.8994
13/11/2019 11:17:45 -9.621099999999998
13/11/2019 11:17:45 28.5533
13/11/2019 11:17:45 1.1254000000000026
13/11/2019 11:17:45 -9.173099999999998
13/11/2019 11:17:45 30.485300000000002
13/11/2019 11:17:45 3.516400000000001
13/11/2019 11:17:45 -11.089099999999998
13/11/2019 11:17:45 31.7153
13/11/2019 11:17:45 3.105400000000003
13/11/2019 11:17:45 -10.823099999999997
13/11/2019 11:17:45 31.939300000000003
13/11/2019 11:17:45 2.1144
13/11/2019 11:17:45 -9.983099999999997
13/11/2019 11:17:45 30.9233
13/11/2019 11:17:45 1.482400000000002
13/11/2019 11:17:45 -9.379099999999998
13/11/2019 11:17:45 31.1583
13/11/2019 11:17:45 0.29240000000000066
13/11/2019 11:17:45 -8.698099999999997
13/11/2019 11:17:45 30.0913
13/11/2019 11:17:45 -0.4845999999999968
13/11/2019 11:17:45 -8.272099999999998
13/11/2019 11:17:45 28.7863
13/11/2019 11:17:45 -0.07259999999999778
13/11/2019 11:17:45 -8.507099999999998
13/11/2019 11:17:45 27.7743
13/11/2019 11:17:45 -0.7945999999999991
13/11/2019 11:17:45 -8.045099999999998
13/11/2019 11:17:45 26.5183
13/11/2019 11:17:45 -0.3785999999999987
13/11/2019 11:17:45 -8.167099999999998
13/11/2019 11:17:45 26.1993
13/11/2019 11:17:45 0.7374000000000009
13/11/2019 11:17:45 -8.572099999999999
13/11/2019 11:17:45 25.4593
13/11/2019 11:17:45 -1.3325999999999993
13/11/2019 11:17:45 -7.616099999999999
13/11/2019 11:17:45 25.2303
13/11/2019 11:17:45 -1.0705999999999989
13/11/2019 11:17:45 -6.128099999999996
13/11/2019 11:17:45 29.9141
13/11/2019 11:17:45 3.9903000000000013
13/11/2019 11:17:45 -12.714699999999997
13/11/2019 11:17:45 27.390500000000003
13/11/2019 11:17:45 6.939700000000002
13/11/2019 11:17:45 -14.503099999999996
13/11/2019 11:17:45 25.6102
13/11/2019 11:17:45 6.3918
13/11/2019 11:17:45 -12.867399999999996
13/11/2019 11:17:45 25.9477
13/11/2019 11:17:45 4.556000000000001
13/11/2019 11:17:45 -11.2473
13/11/2019 11:17:45 27.4085
13/11/2019 11:17:45 3.020100000000003
13/11/2019 11:17:45 -10.281899999999997
13/11/2019 11:17:45 27.5395
13/11/2019 11:17:45 1.456500000000002
13/11/2019 11:17:45 -9.3433
13/11/2019 11:17:45 32.551500000000004
13/11/2019 11:17:45 3.5914
13/11/2019 11:17:45 -11.3036
13/11/2019 11:17:45 32.1712
13/11/2019 11:17:45 -0.026299999999999102
13/11/2019 11:17:45 -8.501199999999997
13/11/2019 11:17:45 30.276400000000002
13/11/2019 11:17:45 -1.4146
13/11/2019 11:17:45 -7.755099999999999
13/11/2019 11:17:45 27.9619
13/11/2019 11:17:45 -1.6774999999999984
13/11/2019 11:17:45 -7.591899999999995
13/11/2019 11:17:45 24.5243
13/11/2019 11:17:45 -1.1846999999999994
13/11/2019 11:17:45 -8.156499999999998
13/11/2019 11:17:45 24.4734
13/11/2019 11:17:45 -1.7577999999999996
13/11/2019 11:17:45 -5.749899999999997
13/11/2019 11:17:45 26.1629
13/11/2019 11:17:45 -1.222999999999999
13/11/2019 11:17:45 -5.5848999999999975
13/11/2019 11:17:45 Rotating...
13/11/2019 11:17:45 Error: no adjecent sp2 carbon
13/11/2019 11:17:45 Hybridising...
13/11/2019 11:20:09 Namespace(dms_file='ExampleFiles/pasb_surf.dms', in_file='ExampleFiles/dock.in', mol2_filename='ExampleFiles/4ll0_acryl_lig.mol2', protein_mol2='ExampleFiles/pasb.mol2')
13/11/2019 11:20:09 Mapping...
13/11/2019 11:20:09 Well hello there :)
13/11/2019 11:20:09 1
13/11/2019 11:20:09 21
13/11/2019 11:20:09 20
13/11/2019 11:20:09 22
13/11/2019 11:20:09 23
13/11/2019 11:20:09 28.9593
13/11/2019 11:20:09 4.4924
13/11/2019 11:20:09 -12.7671
13/11/2019 11:20:09 28.7463
13/11/2019 11:20:09 5.479400000000002
13/11/2019 11:20:09 -13.729099999999999
13/11/2019 11:20:09 29.9223
13/11/2019 11:20:09 5.5904000000000025
13/11/2019 11:20:09 -15.214099999999998
13/11/2019 11:20:09 27.5483
13/11/2019 11:20:09 6.163400000000003
13/11/2019 11:20:09 -13.769099999999998
13/11/2019 11:20:09 26.5423
13/11/2019 11:20:09 5.846400000000003
13/11/2019 11:20:09 -12.856099999999998
13/11/2019 11:20:09 26.7423
13/11/2019 11:20:09 4.823400000000003
13/11/2019 11:20:09 -11.928099999999997
13/11/2019 11:20:09 27.945300000000003
13/11/2019 11:20:09 4.150400000000001
13/11/2019 11:20:09 -11.872099999999996
13/11/2019 11:20:09 28.188299999999998
13/11/2019 11:20:09 3.3474000000000004
13/11/2019 11:20:09 -10.8341
13/11/2019 11:20:09 29.4193
13/11/2019 11:20:09 2.9594000000000023
13/11/2019 11:20:09 -10.496099999999998
13/11/2019 11:20:09 29.6173
13/11/2019 11:20:09 1.8994
13/11/2019 11:20:09 -9.621099999999998
13/11/2019 11:20:09 28.5533
13/11/2019 11:20:09 1.1254000000000026
13/11/2019 11:20:09 -9.173099999999998
13/11/2019 11:20:09 30.485300000000002
13/11/2019 11:20:09 3.516400000000001
13/11/2019 11:20:09 -11.089099999999998
13/11/2019 11:20:09 31.7153
13/11/2019 11:20:09 3.105400000000003
13/11/2019 11:20:09 -10.823099999999997
13/11/2019 11:20:09 31.939300000000003
13/11/2019 11:20:09 2.1144
13/11/2019 11:20:09 -9.983099999999997
13/11/2019 11:20:09 30.9233
13/11/2019 11:20:09 1.482400000000002
13/11/2019 11:20:09 -9.379099999999998
13/11/2019 11:20:09 31.1583
13/11/2019 11:20:09 0.29240000000000066
13/11/2019 11:20:09 -8.698099999999997
13/11/2019 11:20:09 30.0913
13/11/2019 11:20:09 -0.4845999999999968
13/11/2019 11:20:09 -8.272099999999998
13/11/2019 11:20:09 28.7863
13/11/2019 11:20:09 -0.07259999999999778
13/11/2019 11:20:09 -8.507099999999998
13/11/2019 11:20:09 27.7743
13/11/2019 11:20:09 -0.7945999999999991
13/11/2019 11:20:09 -8.045099999999998
13/11/2019 11:20:09 26.5183
13/11/2019 11:20:09 -0.3785999999999987
13/11/2019 11:20:09 -8.167099999999998
13/11/2019 11:20:09 26.1993
13/11/2019 11:20:09 0.7374000000000009
13/11/2019 11:20:09 -8.572099999999999
13/11/2019 11:20:09 25.4593
13/11/2019 11:20:09 -1.3325999999999993
13/11/2019 11:20:09 -7.616099999999999
13/11/2019 11:20:09 25.2303
13/11/2019 11:20:09 -1.0705999999999989
13/11/2019 11:20:09 -6.128099999999996
13/11/2019 11:20:09 29.9141
13/11/2019 11:20:09 3.9903000000000013
13/11/2019 11:20:09 -12.714699999999997
13/11/2019 11:20:09 27.390500000000003
13/11/2019 11:20:09 6.939700000000002
13/11/2019 11:20:09 -14.503099999999996
13/11/2019 11:20:09 25.6102
13/11/2019 11:20:09 6.3918
13/11/2019 11:20:09 -12.867399999999996
13/11/2019 11:20:09 25.9477
13/11/2019 11:20:09 4.556000000000001
13/11/2019 11:20:09 -11.2473
13/11/2019 11:20:09 27.4085
13/11/2019 11:20:09 3.020100000000003
13/11/2019 11:20:09 -10.281899999999997
13/11/2019 11:20:09 27.5395
13/11/2019 11:20:09 1.456500000000002
13/11/2019 11:20:09 -9.3433
13/11/2019 11:20:09 32.551500000000004
13/11/2019 11:20:09 3.5914
13/11/2019 11:20:09 -11.3036
13/11/2019 11:20:09 32.1712
13/11/2019 11:20:09 -0.026299999999999102
13/11/2019 11:20:09 -8.501199999999997
13/11/2019 11:20:09 30.276400000000002
13/11/2019 11:20:09 -1.4146
13/11/2019 11:20:09 -7.755099999999999
13/11/2019 11:20:09 27.9619
13/11/2019 11:20:09 -1.6774999999999984
13/11/2019 11:20:09 -7.591899999999995
13/11/2019 11:20:09 24.5243
13/11/2019 11:20:09 -1.1846999999999994
13/11/2019 11:20:09 -8.156499999999998
13/11/2019 11:20:09 24.4734
13/11/2019 11:20:09 -1.7577999999999996
13/11/2019 11:20:09 -5.749899999999997
13/11/2019 11:20:09 26.1629
13/11/2019 11:20:09 -1.222999999999999
13/11/2019 11:20:09 -5.5848999999999975
13/11/2019 11:20:09 Rotating...
13/11/2019 11:20:09 Hybridising...
13/11/2019 11:20:09 Writing first mol2 output
13/11/2019 11:20:09 /6TB/Data/covalent/COALA/temp/new_coords_temp.mol2
13/11/2019 11:20:09 Preparing the ligand molecule
13/11/2019 11:20:09 charge present
13/11/2019 11:20:09 ['-0.0880']
13/11/2019 11:20:09 0
13/11/2019 11:20:09 loading file
13/11/2019 11:22:04 Namespace(dms_file='ExampleFiles/pasb_surf.dms', in_file='ExampleFiles/dock.in', mol2_filename='ExampleFiles/4ll0_acryl_lig.mol2', protein_mol2='ExampleFiles/pasb.mol2')
13/11/2019 11:22:04 Mapping...
13/11/2019 11:22:04 Well hello there :)
13/11/2019 11:22:04 1
13/11/2019 11:22:04 21
13/11/2019 11:22:04 20
13/11/2019 11:22:04 22
13/11/2019 11:22:04 23
13/11/2019 11:22:04 28.9593
13/11/2019 11:22:04 4.4924
13/11/2019 11:22:04 -12.7671
13/11/2019 11:22:04 28.7463
13/11/2019 11:22:04 5.479400000000002
13/11/2019 11:22:04 -13.729099999999999
13/11/2019 11:22:04 29.9223
13/11/2019 11:22:04 5.5904000000000025
13/11/2019 11:22:04 -15.214099999999998
13/11/2019 11:22:04 27.5483
13/11/2019 11:22:04 6.163400000000003
13/11/2019 11:22:04 -13.769099999999998
13/11/2019 11:22:04 26.5423
13/11/2019 11:22:04 5.846400000000003
13/11/2019 11:22:04 -12.856099999999998
13/11/2019 11:22:04 26.7423
13/11/2019 11:22:04 4.823400000000003
13/11/2019 11:22:04 -11.928099999999997
13/11/2019 11:22:04 27.945300000000003
13/11/2019 11:22:04 4.150400000000001
13/11/2019 11:22:04 -11.872099999999996
13/11/2019 11:22:04 28.188299999999998
13/11/2019 11:22:04 3.3474000000000004
13/11/2019 11:22:04 -10.8341
13/11/2019 11:22:04 29.4193
13/11/2019 11:22:04 2.9594000000000023
13/11/2019 11:22:04 -10.496099999999998
13/11/2019 11:22:04 29.6173
13/11/2019 11:22:04 1.8994
13/11/2019 11:22:04 -9.621099999999998
13/11/2019 11:22:04 28.5533
13/11/2019 11:22:04 1.1254000000000026
13/11/2019 11:22:04 -9.173099999999998
13/11/2019 11:22:04 30.485300000000002
13/11/2019 11:22:04 3.516400000000001
13/11/2019 11:22:04 -11.089099999999998
13/11/2019 11:22:04 31.7153
13/11/2019 11:22:04 3.105400000000003
13/11/2019 11:22:04 -10.823099999999997
13/11/2019 11:22:04 31.939300000000003
13/11/2019 11:22:04 2.1144
13/11/2019 11:22:04 -9.983099999999997
13/11/2019 11:22:04 30.9233
13/11/2019 11:22:04 1.482400000000002
13/11/2019 11:22:04 -9.379099999999998
13/11/2019 11:22:04 31.1583
13/11/2019 11:22:04 0.29240000000000066
13/11/2019 11:22:04 -8.698099999999997
13/11/2019 11:22:04 30.0913
13/11/2019 11:22:04 -0.4845999999999968
13/11/2019 11:22:04 -8.272099999999998
13/11/2019 11:22:04 28.7863
13/11/2019 11:22:04 -0.07259999999999778
13/11/2019 11:22:04 -8.507099999999998
13/11/2019 11:22:04 27.7743
13/11/2019 11:22:04 -0.7945999999999991
13/11/2019 11:22:04 -8.045099999999998
13/11/2019 11:22:04 26.5183
13/11/2019 11:22:04 -0.3785999999999987
13/11/2019 11:22:04 -8.167099999999998
13/11/2019 11:22:04 26.1993
13/11/2019 11:22:04 0.7374000000000009
13/11/2019 11:22:04 -8.572099999999999
13/11/2019 11:22:04 25.4593
13/11/2019 11:22:04 -1.3325999999999993
13/11/2019 11:22:04 -7.616099999999999
13/11/2019 11:22:04 25.2303
13/11/2019 11:22:04 -1.0705999999999989
13/11/2019 11:22:04 -6.128099999999996
13/11/2019 11:22:04 29.9141
13/11/2019 11:22:04 3.9903000000000013
13/11/2019 11:22:04 -12.714699999999997
13/11/2019 11:22:04 27.390500000000003
13/11/2019 11:22:04 6.939700000000002
13/11/2019 11:22:04 -14.503099999999996
13/11/2019 11:22:04 25.6102
13/11/2019 11:22:04 6.3918
13/11/2019 11:22:04 -12.867399999999996
13/11/2019 11:22:04 25.9477
13/11/2019 11:22:04 4.556000000000001
13/11/2019 11:22:04 -11.2473
13/11/2019 11:22:04 27.4085
13/11/2019 11:22:04 3.020100000000003
13/11/2019 11:22:04 -10.281899999999997
13/11/2019 11:22:04 27.5395
13/11/2019 11:22:04 1.456500000000002
13/11/2019 11:22:04 -9.3433
13/11/2019 11:22:04 32.551500000000004
13/11/2019 11:22:04 3.5914
13/11/2019 11:22:04 -11.3036
13/11/2019 11:22:04 32.1712
13/11/2019 11:22:04 -0.026299999999999102
13/11/2019 11:22:04 -8.501199999999997
13/11/2019 11:22:04 30.276400000000002
13/11/2019 11:22:04 -1.4146
13/11/2019 11:22:04 -7.755099999999999
13/11/2019 11:22:04 27.9619
13/11/2019 11:22:04 -1.6774999999999984
13/11/2019 11:22:04 -7.591899999999995
13/11/2019 11:22:04 24.5243
13/11/2019 11:22:04 -1.1846999999999994
13/11/2019 11:22:04 -8.156499999999998
13/11/2019 11:22:04 24.4734
13/11/2019 11:22:04 -1.7577999999999996
13/11/2019 11:22:04 -5.749899999999997
13/11/2019 11:22:04 26.1629
13/11/2019 11:22:04 -1.222999999999999
13/11/2019 11:22:04 -5.5848999999999975
13/11/2019 11:22:04 Rotating...
13/11/2019 11:22:04 Hybridising...
13/11/2019 11:22:04 Writing first mol2 output
13/11/2019 11:22:04 /6TB/Data/covalent/COALA/temp/new_coords_temp.mol2
13/11/2019 11:22:04 Preparing the ligand molecule
13/11/2019 11:22:04 charge present
13/11/2019 11:22:04 ['-0.0880']
13/11/2019 11:22:04 0
13/11/2019 11:22:04 loading file
13/11/2019 11:24:53 Namespace(dms_file='ExampleFiles/pasb_surf.dms', in_file='ExampleFiles/dock.in', mol2_filename='ExampleFiles/4ll0_acryl_lig.mol2', protein_mol2='ExampleFiles/pasb.mol2')
13/11/2019 11:24:53 Mapping...
13/11/2019 11:24:53 Well hello there :)
13/11/2019 11:24:53 1
13/11/2019 11:24:53 21
13/11/2019 11:24:53 20
13/11/2019 11:24:53 22
13/11/2019 11:24:53 23
13/11/2019 11:24:53 28.9593
13/11/2019 11:24:53 4.4924
13/11/2019 11:24:53 -12.7671
13/11/2019 11:24:53 28.7463
13/11/2019 11:24:53 5.479400000000002
13/11/2019 11:24:53 -13.729099999999999
13/11/2019 11:24:53 29.9223
13/11/2019 11:24:53 5.5904000000000025
13/11/2019 11:24:53 -15.214099999999998
13/11/2019 11:24:53 27.5483
13/11/2019 11:24:53 6.163400000000003
13/11/2019 11:24:53 -13.769099999999998
13/11/2019 11:24:53 26.5423
13/11/2019 11:24:53 5.846400000000003
13/11/2019 11:24:53 -12.856099999999998
13/11/2019 11:24:53 26.7423
13/11/2019 11:24:53 4.823400000000003
13/11/2019 11:24:53 -11.928099999999997
13/11/2019 11:24:53 27.945300000000003
13/11/2019 11:24:53 4.150400000000001
13/11/2019 11:24:53 -11.872099999999996
13/11/2019 11:24:53 28.188299999999998
13/11/2019 11:24:53 3.3474000000000004
13/11/2019 11:24:53 -10.8341
13/11/2019 11:24:53 29.4193
13/11/2019 11:24:53 2.9594000000000023
13/11/2019 11:24:53 -10.496099999999998
13/11/2019 11:24:53 29.6173
13/11/2019 11:24:53 1.8994
13/11/2019 11:24:53 -9.621099999999998
13/11/2019 11:24:53 28.5533
13/11/2019 11:24:53 1.1254000000000026
13/11/2019 11:24:53 -9.173099999999998
13/11/2019 11:24:53 30.485300000000002
13/11/2019 11:24:53 3.516400000000001
13/11/2019 11:24:53 -11.089099999999998
13/11/2019 11:24:53 31.7153
13/11/2019 11:24:53 3.105400000000003
13/11/2019 11:24:53 -10.823099999999997
13/11/2019 11:24:53 31.939300000000003
13/11/2019 11:24:53 2.1144
13/11/2019 11:24:53 -9.983099999999997
13/11/2019 11:24:53 30.9233
13/11/2019 11:24:53 1.482400000000002
13/11/2019 11:24:53 -9.379099999999998
13/11/2019 11:24:53 31.1583
13/11/2019 11:24:53 0.29240000000000066
13/11/2019 11:24:53 -8.698099999999997
13/11/2019 11:24:53 30.0913
13/11/2019 11:24:53 -0.4845999999999968
13/11/2019 11:24:53 -8.272099999999998
13/11/2019 11:24:53 28.7863
13/11/2019 11:24:53 -0.07259999999999778
13/11/2019 11:24:53 -8.507099999999998
13/11/2019 11:24:53 27.7743
13/11/2019 11:24:53 -0.7945999999999991
13/11/2019 11:24:53 -8.045099999999998
13/11/2019 11:24:53 26.5183
13/11/2019 11:24:53 -0.3785999999999987
13/11/2019 11:24:53 -8.167099999999998
13/11/2019 11:24:53 26.1993
13/11/2019 11:24:53 0.7374000000000009
13/11/2019 11:24:53 -8.572099999999999
13/11/2019 11:24:53 25.4593
13/11/2019 11:24:53 -1.3325999999999993
13/11/2019 11:24:53 -7.616099999999999
13/11/2019 11:24:53 25.2303
13/11/2019 11:24:53 -1.0705999999999989
13/11/2019 11:24:53 -6.128099999999996
13/11/2019 11:24:53 29.9141
13/11/2019 11:24:53 3.9903000000000013
13/11/2019 11:24:53 -12.714699999999997
13/11/2019 11:24:53 27.390500000000003
13/11/2019 11:24:53 6.939700000000002
13/11/2019 11:24:53 -14.503099999999996
13/11/2019 11:24:53 25.6102
13/11/2019 11:24:53 6.3918
13/11/2019 11:24:53 -12.867399999999996
13/11/2019 11:24:53 25.9477
13/11/2019 11:24:53 4.556000000000001
13/11/2019 11:24:53 -11.2473
13/11/2019 11:24:53 27.4085
13/11/2019 11:24:53 3.020100000000003
13/11/2019 11:24:53 -10.281899999999997
13/11/2019 11:24:53 27.5395
13/11/2019 11:24:53 1.456500000000002
13/11/2019 11:24:53 -9.3433
13/11/2019 11:24:53 32.551500000000004
13/11/2019 11:24:53 3.5914
13/11/2019 11:24:53 -11.3036
13/11/2019 11:24:53 32.1712
13/11/2019 11:24:53 -0.026299999999999102
13/11/2019 11:24:53 -8.501199999999997
13/11/2019 11:24:53 30.276400000000002
13/11/2019 11:24:53 -1.4146
13/11/2019 11:24:53 -7.755099999999999
13/11/2019 11:24:53 27.9619
13/11/2019 11:24:53 -1.6774999999999984
13/11/2019 11:24:53 -7.591899999999995
13/11/2019 11:24:53 24.5243
13/11/2019 11:24:53 -1.1846999999999994
13/11/2019 11:24:53 -8.156499999999998
13/11/2019 11:24:53 24.4734
13/11/2019 11:24:53 -1.7577999999999996
13/11/2019 11:24:53 -5.749899999999997
13/11/2019 11:24:53 26.1629
13/11/2019 11:24:53 -1.222999999999999
13/11/2019 11:24:53 -5.5848999999999975
13/11/2019 11:24:53 Rotating...
13/11/2019 11:24:53 Hybridising...
13/11/2019 11:24:53 Writing first mol2 output
13/11/2019 11:24:53 /6TB/Data/covalent/COALA/temp/new_coords_temp.mol2
13/11/2019 11:24:53 Preparing the ligand molecule
13/11/2019 11:24:53 charge present
13/11/2019 11:24:53 ['-0.0880']
13/11/2019 11:24:53 0
13/11/2019 11:24:53 loading file
13/11/2019 11:27:30 Namespace(dms_file='ExampleFiles/pasb_surf.dms', in_file='ExampleFiles/dock.in', mol2_filename='ExampleFiles/4ll0_acryl_lig.mol2', protein_mol2='ExampleFiles/pasb.mol2')
13/11/2019 11:27:30 Mapping...
13/11/2019 11:27:30 Well hello there :)
13/11/2019 11:27:30 1
13/11/2019 11:27:30 21
13/11/2019 11:27:30 20
13/11/2019 11:27:30 22
13/11/2019 11:27:30 23
13/11/2019 11:27:30 28.9593
13/11/2019 11:27:30 4.4924
13/11/2019 11:27:30 -12.7671
13/11/2019 11:27:30 28.7463
13/11/2019 11:27:30 5.479400000000002
13/11/2019 11:27:30 -13.729099999999999
13/11/2019 11:27:30 29.9223
13/11/2019 11:27:30 5.5904000000000025
13/11/2019 11:27:30 -15.214099999999998
13/11/2019 11:27:30 27.5483
13/11/2019 11:27:30 6.163400000000003
13/11/2019 11:27:30 -13.769099999999998
13/11/2019 11:27:30 26.5423
13/11/2019 11:27:30 5.846400000000003
13/11/2019 11:27:30 -12.856099999999998
13/11/2019 11:27:30 26.7423
13/11/2019 11:27:30 4.823400000000003
13/11/2019 11:27:30 -11.928099999999997
13/11/2019 11:27:30 27.945300000000003
13/11/2019 11:27:30 4.150400000000001
13/11/2019 11:27:30 -11.872099999999996
13/11/2019 11:27:30 28.188299999999998
13/11/2019 11:27:30 3.3474000000000004
13/11/2019 11:27:30 -10.8341
13/11/2019 11:27:30 29.4193
13/11/2019 11:27:30 2.9594000000000023
13/11/2019 11:27:30 -10.496099999999998
13/11/2019 11:27:30 29.6173
13/11/2019 11:27:30 1.8994
13/11/2019 11:27:30 -9.621099999999998
13/11/2019 11:27:30 28.5533
13/11/2019 11:27:30 1.1254000000000026
13/11/2019 11:27:30 -9.173099999999998
13/11/2019 11:27:30 30.485300000000002
13/11/2019 11:27:30 3.516400000000001
13/11/2019 11:27:30 -11.089099999999998
13/11/2019 11:27:30 31.7153
13/11/2019 11:27:30 3.105400000000003
13/11/2019 11:27:30 -10.823099999999997
13/11/2019 11:27:30 31.939300000000003
13/11/2019 11:27:30 2.1144
13/11/2019 11:27:30 -9.983099999999997
13/11/2019 11:27:30 30.9233
13/11/2019 11:27:30 1.482400000000002
13/11/2019 11:27:30 -9.379099999999998
13/11/2019 11:27:30 31.1583
13/11/2019 11:27:30 0.29240000000000066
13/11/2019 11:27:30 -8.698099999999997
13/11/2019 11:27:30 30.0913
13/11/2019 11:27:30 -0.4845999999999968
13/11/2019 11:27:30 -8.272099999999998
13/11/2019 11:27:30 28.7863
13/11/2019 11:27:30 -0.07259999999999778
13/11/2019 11:27:30 -8.507099999999998
13/11/2019 11:27:30 27.7743
13/11/2019 11:27:30 -0.7945999999999991
13/11/2019 11:27:30 -8.045099999999998
13/11/2019 11:27:30 26.5183
13/11/2019 11:27:30 -0.3785999999999987
13/11/2019 11:27:30 -8.167099999999998
13/11/2019 11:27:30 26.1993
13/11/2019 11:27:30 0.7374000000000009
13/11/2019 11:27:30 -8.572099999999999
13/11/2019 11:27:30 25.4593
13/11/2019 11:27:30 -1.3325999999999993
13/11/2019 11:27:30 -7.616099999999999
13/11/2019 11:27:30 25.2303
13/11/2019 11:27:30 -1.0705999999999989
13/11/2019 11:27:30 -6.128099999999996
13/11/2019 11:27:30 29.9141
13/11/2019 11:27:30 3.9903000000000013
13/11/2019 11:27:30 -12.714699999999997
13/11/2019 11:27:30 27.390500000000003
13/11/2019 11:27:30 6.939700000000002
13/11/2019 11:27:30 -14.503099999999996
13/11/2019 11:27:30 25.6102
13/11/2019 11:27:30 6.3918
13/11/2019 11:27:30 -12.867399999999996
13/11/2019 11:27:30 25.9477
13/11/2019 11:27:30 4.556000000000001
13/11/2019 11:27:30 -11.2473
13/11/2019 11:27:30 27.4085
13/11/2019 11:27:30 3.020100000000003
13/11/2019 11:27:30 -10.281899999999997
13/11/2019 11:27:30 27.5395
13/11/2019 11:27:30 1.456500000000002
13/11/2019 11:27:30 -9.3433
13/11/2019 11:27:30 32.551500000000004
13/11/2019 11:27:30 3.5914
13/11/2019 11:27:30 -11.3036
13/11/2019 11:27:30 32.1712
13/11/2019 11:27:30 -0.026299999999999102
13/11/2019 11:27:30 -8.501199999999997
13/11/2019 11:27:30 30.276400000000002
13/11/2019 11:27:30 -1.4146
13/11/2019 11:27:30 -7.755099999999999
13/11/2019 11:27:30 27.9619
13/11/2019 11:27:30 -1.6774999999999984
13/11/2019 11:27:30 -7.591899999999995
13/11/2019 11:27:30 24.5243
13/11/2019 11:27:30 -1.1846999999999994
13/11/2019 11:27:30 -8.156499999999998
13/11/2019 11:27:30 24.4734
13/11/2019 11:27:30 -1.7577999999999996
13/11/2019 11:27:30 -5.749899999999997
13/11/2019 11:27:30 26.1629
13/11/2019 11:27:30 -1.222999999999999
13/11/2019 11:27:30 -5.5848999999999975
13/11/2019 11:27:30 Rotating...
13/11/2019 11:27:30 Hybridising...
13/11/2019 11:27:30 Writing first mol2 output
13/11/2019 11:27:30 /6TB/Data/covalent/COALA/temp/new_coords_temp.mol2
13/11/2019 11:27:30 Preparing the ligand molecule
13/11/2019 11:27:30 charge present
13/11/2019 11:27:30 ['-0.0880']
13/11/2019 11:27:30 0
13/11/2019 11:27:30 loading file
13/11/2019 11:27:53 Namespace(dms_file='ExampleFiles/pasb_surf.dms', in_file='ExampleFiles/dock.in', mol2_filename='ExampleFiles/4ll0_acryl_lig.mol2', protein_mol2='ExampleFiles/pasb.mol2')
13/11/2019 11:27:53 Mapping...
13/11/2019 11:27:53 Well hello there :)
13/11/2019 11:27:53 1
13/11/2019 11:27:53 21
13/11/2019 11:27:53 20
13/11/2019 11:27:53 22
13/11/2019 11:27:53 23
13/11/2019 11:27:53 28.9593
13/11/2019 11:27:53 4.4924
13/11/2019 11:27:53 -12.7671
13/11/2019 11:27:53 28.7463
13/11/2019 11:27:53 5.479400000000002
13/11/2019 11:27:53 -13.729099999999999
13/11/2019 11:27:53 29.9223
13/11/2019 11:27:53 5.5904000000000025
13/11/2019 11:27:53 -15.214099999999998
13/11/2019 11:27:53 27.5483
13/11/2019 11:27:53 6.163400000000003
13/11/2019 11:27:53 -13.769099999999998
13/11/2019 11:27:53 26.5423
13/11/2019 11:27:53 5.846400000000003
13/11/2019 11:27:53 -12.856099999999998
13/11/2019 11:27:53 26.7423
13/11/2019 11:27:53 4.823400000000003
13/11/2019 11:27:53 -11.928099999999997
13/11/2019 11:27:53 27.945300000000003
13/11/2019 11:27:53 4.150400000000001
13/11/2019 11:27:53 -11.872099999999996
13/11/2019 11:27:53 28.188299999999998
13/11/2019 11:27:53 3.3474000000000004
13/11/2019 11:27:53 -10.8341
13/11/2019 11:27:53 29.4193
13/11/2019 11:27:53 2.9594000000000023
13/11/2019 11:27:53 -10.496099999999998
13/11/2019 11:27:53 29.6173
13/11/2019 11:27:53 1.8994
13/11/2019 11:27:53 -9.621099999999998
13/11/2019 11:27:53 28.5533
13/11/2019 11:27:53 1.1254000000000026
13/11/2019 11:27:53 -9.173099999999998
13/11/2019 11:27:53 30.485300000000002
13/11/2019 11:27:53 3.516400000000001
13/11/2019 11:27:53 -11.089099999999998
13/11/2019 11:27:53 31.7153
13/11/2019 11:27:53 3.105400000000003
13/11/2019 11:27:53 -10.823099999999997
13/11/2019 11:27:53 31.939300000000003
13/11/2019 11:27:53 2.1144
13/11/2019 11:27:53 -9.983099999999997
13/11/2019 11:27:53 30.9233
13/11/2019 11:27:53 1.482400000000002
13/11/2019 11:27:53 -9.379099999999998
13/11/2019 11:27:53 31.1583
13/11/2019 11:27:53 0.29240000000000066
13/11/2019 11:27:53 -8.698099999999997
13/11/2019 11:27:53 30.0913
13/11/2019 11:27:53 -0.4845999999999968
13/11/2019 11:27:53 -8.272099999999998
13/11/2019 11:27:53 28.7863
13/11/2019 11:27:53 -0.07259999999999778
13/11/2019 11:27:53 -8.507099999999998
13/11/2019 11:27:53 27.7743
13/11/2019 11:27:53 -0.7945999999999991
13/11/2019 11:27:53 -8.045099999999998
13/11/2019 11:27:53 26.5183
13/11/2019 11:27:53 -0.3785999999999987
13/11/2019 11:27:53 -8.167099999999998
13/11/2019 11:27:53 26.1993
13/11/2019 11:27:53 0.7374000000000009
13/11/2019 11:27:53 -8.572099999999999
13/11/2019 11:27:53 25.4593
13/11/2019 11:27:53 -1.3325999999999993
13/11/2019 11:27:53 -7.616099999999999
13/11/2019 11:27:53 25.2303
13/11/2019 11:27:53 -1.0705999999999989
13/11/2019 11:27:53 -6.128099999999996
13/11/2019 11:27:53 29.9141
13/11/2019 11:27:53 3.9903000000000013
13/11/2019 11:27:53 -12.714699999999997
13/11/2019 11:27:53 27.390500000000003
13/11/2019 11:27:53 6.939700000000002
13/11/2019 11:27:53 -14.503099999999996
13/11/2019 11:27:53 25.6102
13/11/2019 11:27:53 6.3918
13/11/2019 11:27:53 -12.867399999999996
13/11/2019 11:27:53 25.9477
13/11/2019 11:27:53 4.556000000000001
13/11/2019 11:27:53 -11.2473
13/11/2019 11:27:53 27.4085
13/11/2019 11:27:53 3.020100000000003
13/11/2019 11:27:53 -10.281899999999997
13/11/2019 11:27:53 27.5395
13/11/2019 11:27:53 1.456500000000002
13/11/2019 11:27:53 -9.3433
13/11/2019 11:27:53 32.551500000000004
13/11/2019 11:27:53 3.5914
13/11/2019 11:27:53 -11.3036
13/11/2019 11:27:53 32.1712
13/11/2019 11:27:53 -0.026299999999999102
13/11/2019 11:27:53 -8.501199999999997
13/11/2019 11:27:53 30.276400000000002
13/11/2019 11:27:53 -1.4146
13/11/2019 11:27:53 -7.755099999999999
13/11/2019 11:27:53 27.9619
13/11/2019 11:27:53 -1.6774999999999984
13/11/2019 11:27:53 -7.591899999999995
13/11/2019 11:27:53 24.5243
13/11/2019 11:27:53 -1.1846999999999994
13/11/2019 11:27:53 -8.156499999999998
13/11/2019 11:27:53 24.4734
13/11/2019 11:27:53 -1.7577999999999996
13/11/2019 11:27:53 -5.749899999999997
13/11/2019 11:27:53 26.1629
13/11/2019 11:27:53 -1.222999999999999
13/11/2019 11:27:53 -5.5848999999999975
13/11/2019 11:27:53 Rotating...
13/11/2019 11:27:53 Hybridising...
13/11/2019 11:27:53 Writing first mol2 output
13/11/2019 11:27:53 /6TB/Data/covalent/COALA/temp/new_coords_temp.mol2
13/11/2019 11:27:53 Preparing the ligand molecule
13/11/2019 11:27:53 charge present
13/11/2019 11:27:53 ['-0.0880']
13/11/2019 11:27:53 0
13/11/2019 11:27:53 loading file
13/11/2019 11:28:20 Namespace(dms_file='ExampleFiles/pasb_surf.dms', in_file='ExampleFiles/dock.in', mol2_filename='ExampleFiles/4ll0_acryl_lig.mol2', protein_mol2='ExampleFiles/pasb.mol2')
13/11/2019 11:28:20 Mapping...
13/11/2019 11:28:20 Well hello there :)
13/11/2019 11:28:20 1
13/11/2019 11:28:20 21
13/11/2019 11:28:20 20
13/11/2019 11:28:20 22
13/11/2019 11:28:20 23
13/11/2019 11:28:20 28.9593
13/11/2019 11:28:20 4.4924
13/11/2019 11:28:20 -12.7671
13/11/2019 11:28:20 28.7463
13/11/2019 11:28:20 5.479400000000002
13/11/2019 11:28:20 -13.729099999999999
13/11/2019 11:28:20 29.9223
13/11/2019 11:28:20 5.5904000000000025
13/11/2019 11:28:20 -15.214099999999998
13/11/2019 11:28:20 27.5483
13/11/2019 11:28:20 6.163400000000003
13/11/2019 11:28:20 -13.769099999999998
13/11/2019 11:28:20 26.5423
13/11/2019 11:28:20 5.846400000000003
13/11/2019 11:28:20 -12.856099999999998
13/11/2019 11:28:20 26.7423
13/11/2019 11:28:20 4.823400000000003
13/11/2019 11:28:20 -11.928099999999997
13/11/2019 11:28:20 27.945300000000003
13/11/2019 11:28:20 4.150400000000001
13/11/2019 11:28:20 -11.872099999999996
13/11/2019 11:28:20 28.188299999999998
13/11/2019 11:28:20 3.3474000000000004
13/11/2019 11:28:20 -10.8341
13/11/2019 11:28:20 29.4193
13/11/2019 11:28:20 2.9594000000000023
13/11/2019 11:28:20 -10.496099999999998
13/11/2019 11:28:20 29.6173
13/11/2019 11:28:20 1.8994
13/11/2019 11:28:20 -9.621099999999998
13/11/2019 11:28:20 28.5533
13/11/2019 11:28:20 1.1254000000000026
13/11/2019 11:28:20 -9.173099999999998
13/11/2019 11:28:20 30.485300000000002
13/11/2019 11:28:20 3.516400000000001
13/11/2019 11:28:20 -11.089099999999998
13/11/2019 11:28:20 31.7153
13/11/2019 11:28:20 3.105400000000003
13/11/2019 11:28:20 -10.823099999999997
13/11/2019 11:28:20 31.939300000000003
13/11/2019 11:28:20 2.1144
13/11/2019 11:28:20 -9.983099999999997
13/11/2019 11:28:20 30.9233
13/11/2019 11:28:20 1.482400000000002
13/11/2019 11:28:20 -9.379099999999998
13/11/2019 11:28:20 31.1583
13/11/2019 11:28:20 0.29240000000000066
13/11/2019 11:28:20 -8.698099999999997
13/11/2019 11:28:20 30.0913
13/11/2019 11:28:20 -0.4845999999999968
13/11/2019 11:28:20 -8.272099999999998
13/11/2019 11:28:20 28.7863
13/11/2019 11:28:20 -0.07259999999999778
13/11/2019 11:28:20 -8.507099999999998
13/11/2019 11:28:20 27.7743
13/11/2019 11:28:20 -0.7945999999999991
13/11/2019 11:28:20 -8.045099999999998
13/11/2019 11:28:20 26.5183
13/11/2019 11:28:20 -0.3785999999999987
13/11/2019 11:28:20 -8.167099999999998
13/11/2019 11:28:20 26.1993
13/11/2019 11:28:20 0.7374000000000009
13/11/2019 11:28:20 -8.572099999999999
13/11/2019 11:28:20 25.4593
13/11/2019 11:28:20 -1.3325999999999993
13/11/2019 11:28:20 -7.616099999999999
13/11/2019 11:28:20 25.2303
13/11/2019 11:28:20 -1.0705999999999989
13/11/2019 11:28:20 -6.128099999999996
13/11/2019 11:28:20 29.9141
13/11/2019 11:28:20 3.9903000000000013
13/11/2019 11:28:20 -12.714699999999997
13/11/2019 11:28:20 27.390500000000003
13/11/2019 11:28:20 6.939700000000002
13/11/2019 11:28:20 -14.503099999999996
13/11/2019 11:28:20 25.6102
13/11/2019 11:28:20 6.3918
13/11/2019 11:28:20 -12.867399999999996
13/11/2019 11:28:20 25.9477
13/11/2019 11:28:20 4.556000000000001
13/11/2019 11:28:20 -11.2473
13/11/2019 11:28:20 27.4085
13/11/2019 11:28:20 3.020100000000003
13/11/2019 11:28:20 -10.281899999999997
13/11/2019 11:28:20 27.5395
13/11/2019 11:28:20 1.456500000000002
13/11/2019 11:28:20 -9.3433
13/11/2019 11:28:20 32.551500000000004
13/11/2019 11:28:20 3.5914
13/11/2019 11:28:20 -11.3036
13/11/2019 11:28:20 32.1712
13/11/2019 11:28:20 -0.026299999999999102
13/11/2019 11:28:20 -8.501199999999997
13/11/2019 11:28:20 30.276400000000002
13/11/2019 11:28:20 -1.4146
13/11/2019 11:28:20 -7.755099999999999
13/11/2019 11:28:20 27.9619
13/11/2019 11:28:20 -1.6774999999999984
13/11/2019 11:28:20 -7.591899999999995
13/11/2019 11:28:20 24.5243
13/11/2019 11:28:20 -1.1846999999999994
13/11/2019 11:28:20 -8.156499999999998
13/11/2019 11:28:20 24.4734
13/11/2019 11:28:20 -1.7577999999999996
13/11/2019 11:28:20 -5.749899999999997
13/11/2019 11:28:20 26.1629
13/11/2019 11:28:20 -1.222999999999999
13/11/2019 11:28:20 -5.5848999999999975
13/11/2019 11:28:20 Rotating...
13/11/2019 11:28:20 Hybridising...
13/11/2019 11:28:20 Writing first mol2 output
13/11/2019 11:28:20 /6TB/Data/covalent/COALA/temp/new_coords_temp.mol2
13/11/2019 11:28:20 Preparing the ligand molecule
13/11/2019 11:28:20 charge present
13/11/2019 11:28:20 ['-0.0880']
13/11/2019 11:28:20 0
13/11/2019 11:28:20 loading file
13/11/2019 11:28:40 Namespace(dms_file='ExampleFiles/pasb_surf.dms', in_file='ExampleFiles/dock.in', mol2_filename='ExampleFiles/4ll0_acryl_lig.mol2', protein_mol2='ExampleFiles/pasb.mol2')
13/11/2019 11:28:40 Mapping...
13/11/2019 11:28:40 Well hello there :)
13/11/2019 11:28:40 1
13/11/2019 11:28:40 21
13/11/2019 11:28:40 20
13/11/2019 11:28:40 22
13/11/2019 11:28:40 23
13/11/2019 11:28:40 28.9593
13/11/2019 11:28:40 4.4924
13/11/2019 11:28:40 -12.7671
13/11/2019 11:28:40 28.7463
13/11/2019 11:28:40 5.479400000000002
13/11/2019 11:28:40 -13.729099999999999
13/11/2019 11:28:40 29.9223
13/11/2019 11:28:40 5.5904000000000025
13/11/2019 11:28:40 -15.214099999999998
13/11/2019 11:28:40 27.5483
13/11/2019 11:28:40 6.163400000000003
13/11/2019 11:28:40 -13.769099999999998
13/11/2019 11:28:40 26.5423
13/11/2019 11:28:40 5.846400000000003
13/11/2019 11:28:40 -12.856099999999998
13/11/2019 11:28:40 26.7423
13/11/2019 11:28:40 4.823400000000003
13/11/2019 11:28:40 -11.928099999999997
13/11/2019 11:28:40 27.945300000000003
13/11/2019 11:28:40 4.150400000000001
13/11/2019 11:28:40 -11.872099999999996
13/11/2019 11:28:40 28.188299999999998
13/11/2019 11:28:40 3.3474000000000004
13/11/2019 11:28:40 -10.8341
13/11/2019 11:28:40 29.4193
13/11/2019 11:28:40 2.9594000000000023
13/11/2019 11:28:40 -10.496099999999998
13/11/2019 11:28:40 29.6173
13/11/2019 11:28:40 1.8994
13/11/2019 11:28:40 -9.621099999999998
13/11/2019 11:28:40 28.5533
13/11/2019 11:28:40 1.1254000000000026
13/11/2019 11:28:40 -9.173099999999998
13/11/2019 11:28:40 30.485300000000002
13/11/2019 11:28:40 3.516400000000001
13/11/2019 11:28:40 -11.089099999999998
13/11/2019 11:28:40 31.7153
13/11/2019 11:28:40 3.105400000000003
13/11/2019 11:28:40 -10.823099999999997
13/11/2019 11:28:40 31.939300000000003
13/11/2019 11:28:40 2.1144
13/11/2019 11:28:40 -9.983099999999997
13/11/2019 11:28:40 30.9233
13/11/2019 11:28:40 1.482400000000002
13/11/2019 11:28:40 -9.379099999999998
13/11/2019 11:28:40 31.1583
13/11/2019 11:28:40 0.29240000000000066
13/11/2019 11:28:40 -8.698099999999997
13/11/2019 11:28:40 30.0913
13/11/2019 11:28:40 -0.4845999999999968
13/11/2019 11:28:40 -8.272099999999998
13/11/2019 11:28:40 28.7863
13/11/2019 11:28:40 -0.07259999999999778
13/11/2019 11:28:40 -8.507099999999998
13/11/2019 11:28:40 27.7743
13/11/2019 11:28:40 -0.7945999999999991
13/11/2019 11:28:40 -8.045099999999998
13/11/2019 11:28:40 26.5183
13/11/2019 11:28:40 -0.3785999999999987
13/11/2019 11:28:40 -8.167099999999998
13/11/2019 11:28:40 26.1993
13/11/2019 11:28:40 0.7374000000000009
13/11/2019 11:28:40 -8.572099999999999
13/11/2019 11:28:40 25.4593
13/11/2019 11:28:40 -1.3325999999999993
13/11/2019 11:28:40 -7.616099999999999
13/11/2019 11:28:40 25.2303
13/11/2019 11:28:40 -1.0705999999999989
13/11/2019 11:28:40 -6.128099999999996
13/11/2019 11:28:40 29.9141
13/11/2019 11:28:40 3.9903000000000013
13/11/2019 11:28:40 -12.714699999999997
13/11/2019 11:28:40 27.390500000000003
13/11/2019 11:28:40 6.939700000000002
13/11/2019 11:28:40 -14.503099999999996
13/11/2019 11:28:40 25.6102
13/11/2019 11:28:40 6.3918
13/11/2019 11:28:40 -12.867399999999996
13/11/2019 11:28:40 25.9477
13/11/2019 11:28:40 4.556000000000001
13/11/2019 11:28:40 -11.2473
13/11/2019 11:28:40 27.4085
13/11/2019 11:28:40 3.020100000000003
13/11/2019 11:28:40 -10.281899999999997
13/11/2019 11:28:40 27.5395
13/11/2019 11:28:40 1.456500000000002
13/11/2019 11:28:40 -9.3433
13/11/2019 11:28:40 32.551500000000004
13/11/2019 11:28:40 3.5914
13/11/2019 11:28:40 -11.3036
13/11/2019 11:28:40 32.1712
13/11/2019 11:28:40 -0.026299999999999102
13/11/2019 11:28:40 -8.501199999999997
13/11/2019 11:28:40 30.276400000000002
13/11/2019 11:28:40 -1.4146
13/11/2019 11:28:40 -7.755099999999999
13/11/2019 11:28:40 27.9619
13/11/2019 11:28:40 -1.6774999999999984
13/11/2019 11:28:40 -7.591899999999995
13/11/2019 11:28:40 24.5243
13/11/2019 11:28:40 -1.1846999999999994
13/11/2019 11:28:40 -8.156499999999998
13/11/2019 11:28:40 24.4734
13/11/2019 11:28:40 -1.7577999999999996
13/11/2019 11:28:40 -5.749899999999997
13/11/2019 11:28:40 26.1629
13/11/2019 11:28:40 -1.222999999999999
13/11/2019 11:28:40 -5.5848999999999975
13/11/2019 11:28:40 Rotating...
13/11/2019 11:28:40 Hybridising...
13/11/2019 11:28:40 Writing first mol2 output
13/11/2019 11:28:40 /6TB/Data/covalent/COALA/temp/new_coords_temp.mol2
13/11/2019 11:28:40 Preparing the ligand molecule
13/11/2019 11:28:40 charge present
13/11/2019 11:28:40 ['-0.0880']
13/11/2019 11:28:40 0
13/11/2019 11:28:40 loading file
13/11/2019 11:31:25 Namespace(dms_file='ExampleFiles/pasb_surf.dms', in_file='ExampleFiles/dock.in', mol2_filename='ExampleFiles/4ll0_acryl_lig.mol2', protein_mol2='ExampleFiles/pasb.mol2')
13/11/2019 11:31:25 Mapping...
13/11/2019 11:31:25 Well hello there :)
13/11/2019 11:31:25 1
13/11/2019 11:31:25 21
13/11/2019 11:31:25 20
13/11/2019 11:31:25 22
13/11/2019 11:31:25 23
13/11/2019 11:31:25 28.9593
13/11/2019 11:31:25 4.4924
13/11/2019 11:31:25 -12.7671
13/11/2019 11:31:25 28.7463
13/11/2019 11:31:25 5.479400000000002
13/11/2019 11:31:25 -13.729099999999999
13/11/2019 11:31:25 29.9223
13/11/2019 11:31:25 5.5904000000000025
13/11/2019 11:31:25 -15.214099999999998
13/11/2019 11:31:25 27.5483
13/11/2019 11:31:25 6.163400000000003
13/11/2019 11:31:25 -13.769099999999998
13/11/2019 11:31:25 26.5423
13/11/2019 11:31:25 5.846400000000003
13/11/2019 11:31:25 -12.856099999999998
13/11/2019 11:31:25 26.7423
13/11/2019 11:31:25 4.823400000000003
13/11/2019 11:31:25 -11.928099999999997
13/11/2019 11:31:25 27.945300000000003
13/11/2019 11:31:25 4.150400000000001
13/11/2019 11:31:25 -11.872099999999996
13/11/2019 11:31:25 28.188299999999998
13/11/2019 11:31:25 3.3474000000000004
13/11/2019 11:31:25 -10.8341
13/11/2019 11:31:25 29.4193
13/11/2019 11:31:25 2.9594000000000023
13/11/2019 11:31:25 -10.496099999999998
13/11/2019 11:31:25 29.6173
13/11/2019 11:31:25 1.8994
13/11/2019 11:31:25 -9.621099999999998
13/11/2019 11:31:25 28.5533
13/11/2019 11:31:25 1.1254000000000026
13/11/2019 11:31:25 -9.173099999999998
13/11/2019 11:31:25 30.485300000000002
13/11/2019 11:31:25 3.516400000000001
13/11/2019 11:31:25 -11.089099999999998
13/11/2019 11:31:25 31.7153
13/11/2019 11:31:25 3.105400000000003
13/11/2019 11:31:25 -10.823099999999997
13/11/2019 11:31:25 31.939300000000003
13/11/2019 11:31:25 2.1144
13/11/2019 11:31:25 -9.983099999999997
13/11/2019 11:31:25 30.9233
13/11/2019 11:31:25 1.482400000000002
13/11/2019 11:31:25 -9.379099999999998
13/11/2019 11:31:25 31.1583
13/11/2019 11:31:25 0.29240000000000066
13/11/2019 11:31:25 -8.698099999999997
13/11/2019 11:31:25 30.0913
13/11/2019 11:31:25 -0.4845999999999968
13/11/2019 11:31:25 -8.272099999999998
13/11/2019 11:31:25 28.7863
13/11/2019 11:31:25 -0.07259999999999778
13/11/2019 11:31:25 -8.507099999999998
13/11/2019 11:31:25 27.7743
13/11/2019 11:31:25 -0.7945999999999991
13/11/2019 11:31:25 -8.045099999999998
13/11/2019 11:31:25 26.5183
13/11/2019 11:31:25 -0.3785999999999987
13/11/2019 11:31:25 -8.167099999999998
13/11/2019 11:31:25 26.1993
13/11/2019 11:31:25 0.7374000000000009
13/11/2019 11:31:25 -8.572099999999999
13/11/2019 11:31:25 25.4593
13/11/2019 11:31:25 -1.3325999999999993
13/11/2019 11:31:25 -7.616099999999999
13/11/2019 11:31:25 25.2303
13/11/2019 11:31:25 -1.0705999999999989
13/11/2019 11:31:25 -6.128099999999996
13/11/2019 11:31:25 29.9141
13/11/2019 11:31:25 3.9903000000000013
13/11/2019 11:31:25 -12.714699999999997
13/11/2019 11:31:25 27.390500000000003
13/11/2019 11:31:25 6.939700000000002
13/11/2019 11:31:25 -14.503099999999996
13/11/2019 11:31:25 25.6102
13/11/2019 11:31:25 6.3918
13/11/2019 11:31:25 -12.867399999999996
13/11/2019 11:31:25 25.9477
13/11/2019 11:31:25 4.556000000000001
13/11/2019 11:31:25 -11.2473
13/11/2019 11:31:25 27.4085
13/11/2019 11:31:25 3.020100000000003
13/11/2019 11:31:25 -10.281899999999997
13/11/2019 11:31:25 27.5395
13/11/2019 11:31:25 1.456500000000002
13/11/2019 11:31:25 -9.3433
13/11/2019 11:31:25 32.551500000000004
13/11/2019 11:31:25 3.5914
13/11/2019 11:31:25 -11.3036
13/11/2019 11:31:25 32.1712
13/11/2019 11:31:25 -0.026299999999999102
13/11/2019 11:31:25 -8.501199999999997
13/11/2019 11:31:25 30.276400000000002
13/11/2019 11:31:25 -1.4146
13/11/2019 11:31:25 -7.755099999999999
13/11/2019 11:31:25 27.9619
13/11/2019 11:31:25 -1.6774999999999984
13/11/2019 11:31:25 -7.591899999999995
13/11/2019 11:31:25 24.5243
13/11/2019 11:31:25 -1.1846999999999994
13/11/2019 11:31:25 -8.156499999999998
13/11/2019 11:31:25 24.4734
13/11/2019 11:31:25 -1.7577999999999996
13/11/2019 11:31:25 -5.749899999999997
13/11/2019 11:31:25 26.1629
13/11/2019 11:31:25 -1.222999999999999
13/11/2019 11:31:25 -5.5848999999999975
13/11/2019 11:31:25 Rotating...
13/11/2019 11:31:25 Hybridising...
13/11/2019 11:31:25 Writing first mol2 output
13/11/2019 11:31:25 /6TB/Data/covalent/COALA/temp/new_coords_temp.mol2
13/11/2019 11:31:25 Preparing the ligand molecule
13/11/2019 11:31:25 charge present
13/11/2019 11:31:25 ['-0.0880']
13/11/2019 11:31:25 0
13/11/2019 11:31:25 loading file
13/11/2019 11:31:55 Namespace(dms_file='ExampleFiles/pasb_surf.dms', in_file='ExampleFiles/dock.in', mol2_filename='ExampleFiles/4ll0_acryl_lig.mol2', protein_mol2='ExampleFiles/pasb.mol2')
13/11/2019 11:31:55 Mapping...
13/11/2019 11:31:55 Well hello there :)
13/11/2019 11:31:55 1
13/11/2019 11:31:55 21
13/11/2019 11:31:55 20
13/11/2019 11:31:55 22
13/11/2019 11:31:55 23
13/11/2019 11:31:55 28.9593
13/11/2019 11:31:55 4.4924
13/11/2019 11:31:55 -12.7671
13/11/2019 11:31:55 28.7463
13/11/2019 11:31:55 5.479400000000002
13/11/2019 11:31:55 -13.729099999999999
13/11/2019 11:31:55 29.9223
13/11/2019 11:31:55 5.5904000000000025
13/11/2019 11:31:55 -15.214099999999998
13/11/2019 11:31:55 27.5483
13/11/2019 11:31:55 6.163400000000003
13/11/2019 11:31:55 -13.769099999999998
13/11/2019 11:31:55 26.5423
13/11/2019 11:31:55 5.846400000000003
13/11/2019 11:31:55 -12.856099999999998
13/11/2019 11:31:55 26.7423
13/11/2019 11:31:55 4.823400000000003
13/11/2019 11:31:55 -11.928099999999997
13/11/2019 11:31:55 27.945300000000003
13/11/2019 11:31:55 4.150400000000001
13/11/2019 11:31:55 -11.872099999999996
13/11/2019 11:31:55 28.188299999999998
13/11/2019 11:31:55 3.3474000000000004
13/11/2019 11:31:55 -10.8341
13/11/2019 11:31:55 29.4193
13/11/2019 11:31:55 2.9594000000000023
13/11/2019 11:31:55 -10.496099999999998
13/11/2019 11:31:55 29.6173
13/11/2019 11:31:55 1.8994
13/11/2019 11:31:55 -9.621099999999998
13/11/2019 11:31:55 28.5533
13/11/2019 11:31:55 1.1254000000000026
13/11/2019 11:31:55 -9.173099999999998
13/11/2019 11:31:55 30.485300000000002
13/11/2019 11:31:55 3.516400000000001
13/11/2019 11:31:55 -11.089099999999998
13/11/2019 11:31:55 31.7153
13/11/2019 11:31:55 3.105400000000003
13/11/2019 11:31:55 -10.823099999999997
13/11/2019 11:31:55 31.939300000000003
13/11/2019 11:31:55 2.1144
13/11/2019 11:31:55 -9.983099999999997
13/11/2019 11:31:55 30.9233
13/11/2019 11:31:55 1.482400000000002
13/11/2019 11:31:55 -9.379099999999998
13/11/2019 11:31:55 31.1583
13/11/2019 11:31:55 0.29240000000000066
13/11/2019 11:31:55 -8.698099999999997
13/11/2019 11:31:55 30.0913
13/11/2019 11:31:55 -0.4845999999999968
13/11/2019 11:31:55 -8.272099999999998
13/11/2019 11:31:55 28.7863
13/11/2019 11:31:55 -0.07259999999999778
13/11/2019 11:31:55 -8.507099999999998
13/11/2019 11:31:55 27.7743
13/11/2019 11:31:55 -0.7945999999999991
13/11/2019 11:31:55 -8.045099999999998
13/11/2019 11:31:55 26.5183
13/11/2019 11:31:55 -0.3785999999999987
13/11/2019 11:31:55 -8.167099999999998
13/11/2019 11:31:55 26.1993
13/11/2019 11:31:55 0.7374000000000009
13/11/2019 11:31:55 -8.572099999999999
13/11/2019 11:31:55 25.4593
13/11/2019 11:31:55 -1.3325999999999993
13/11/2019 11:31:55 -7.616099999999999
13/11/2019 11:31:55 25.2303
13/11/2019 11:31:55 -1.0705999999999989
13/11/2019 11:31:55 -6.128099999999996
13/11/2019 11:31:55 29.9141
13/11/2019 11:31:55 3.9903000000000013
13/11/2019 11:31:55 -12.714699999999997
13/11/2019 11:31:55 27.390500000000003
13/11/2019 11:31:55 6.939700000000002
13/11/2019 11:31:55 -14.503099999999996
13/11/2019 11:31:55 25.6102
13/11/2019 11:31:55 6.3918
13/11/2019 11:31:55 -12.867399999999996
13/11/2019 11:31:55 25.9477
13/11/2019 11:31:55 4.556000000000001
13/11/2019 11:31:55 -11.2473
13/11/2019 11:31:55 27.4085
13/11/2019 11:31:55 3.020100000000003
13/11/2019 11:31:55 -10.281899999999997
13/11/2019 11:31:55 27.5395
13/11/2019 11:31:55 1.456500000000002
13/11/2019 11:31:55 -9.3433
13/11/2019 11:31:55 32.551500000000004
13/11/2019 11:31:55 3.5914
13/11/2019 11:31:55 -11.3036
13/11/2019 11:31:55 32.1712
13/11/2019 11:31:55 -0.026299999999999102
13/11/2019 11:31:55 -8.501199999999997
13/11/2019 11:31:55 30.276400000000002
13/11/2019 11:31:55 -1.4146
13/11/2019 11:31:55 -7.755099999999999
13/11/2019 11:31:55 27.9619
13/11/2019 11:31:55 -1.6774999999999984
13/11/2019 11:31:55 -7.591899999999995
13/11/2019 11:31:55 24.5243
13/11/2019 11:31:55 -1.1846999999999994
13/11/2019 11:31:55 -8.156499999999998
13/11/2019 11:31:55 24.4734
13/11/2019 11:31:55 -1.7577999999999996
13/11/2019 11:31:55 -5.749899999999997
13/11/2019 11:31:55 26.1629
13/11/2019 11:31:55 -1.222999999999999
13/11/2019 11:31:55 -5.5848999999999975
13/11/2019 11:31:55 Rotating...
13/11/2019 11:31:55 Hybridising...
13/11/2019 11:31:55 Writing first mol2 output
13/11/2019 11:31:55 /6TB/Data/covalent/COALA/temp/new_coords_temp.mol2
13/11/2019 11:31:55 Preparing the ligand molecule
13/11/2019 11:31:55 charge present
13/11/2019 11:31:55 ['-0.0880']
13/11/2019 11:31:55 0
13/11/2019 11:31:55 loading file
13/11/2019 11:32:18 Namespace(dms_file='ExampleFiles/pasb_surf.dms', in_file='ExampleFiles/dock.in', mol2_filename='ExampleFiles/4ll0_acryl_lig.mol2', protein_mol2='ExampleFiles/pasb.mol2')
13/11/2019 11:32:18 Mapping...
13/11/2019 11:32:18 Well hello there :)
13/11/2019 11:32:18 1
13/11/2019 11:32:18 21
13/11/2019 11:32:18 20
13/11/2019 11:32:18 22
13/11/2019 11:32:18 23
13/11/2019 11:32:18 28.9593
13/11/2019 11:32:18 4.4924
13/11/2019 11:32:18 -12.7671
13/11/2019 11:32:18 28.7463
13/11/2019 11:32:18 5.479400000000002
13/11/2019 11:32:18 -13.729099999999999
13/11/2019 11:32:18 29.9223
13/11/2019 11:32:18 5.5904000000000025
13/11/2019 11:32:18 -15.214099999999998
13/11/2019 11:32:18 27.5483
13/11/2019 11:32:18 6.163400000000003
13/11/2019 11:32:18 -13.769099999999998
13/11/2019 11:32:18 26.5423
13/11/2019 11:32:18 5.846400000000003
13/11/2019 11:32:18 -12.856099999999998
13/11/2019 11:32:18 26.7423
13/11/2019 11:32:18 4.823400000000003
13/11/2019 11:32:18 -11.928099999999997
13/11/2019 11:32:18 27.945300000000003
13/11/2019 11:32:18 4.150400000000001
13/11/2019 11:32:18 -11.872099999999996
13/11/2019 11:32:18 28.188299999999998
13/11/2019 11:32:18 3.3474000000000004
13/11/2019 11:32:18 -10.8341
13/11/2019 11:32:18 29.4193
13/11/2019 11:32:18 2.9594000000000023
13/11/2019 11:32:18 -10.496099999999998
13/11/2019 11:32:18 29.6173
13/11/2019 11:32:18 1.8994
13/11/2019 11:32:18 -9.621099999999998
13/11/2019 11:32:18 28.5533
13/11/2019 11:32:18 1.1254000000000026
13/11/2019 11:32:18 -9.173099999999998
13/11/2019 11:32:18 30.485300000000002
13/11/2019 11:32:18 3.516400000000001
13/11/2019 11:32:18 -11.089099999999998
13/11/2019 11:32:18 31.7153
13/11/2019 11:32:18 3.105400000000003
13/11/2019 11:32:18 -10.823099999999997
13/11/2019 11:32:18 31.939300000000003
13/11/2019 11:32:18 2.1144
13/11/2019 11:32:18 -9.983099999999997
13/11/2019 11:32:18 30.9233
13/11/2019 11:32:18 1.482400000000002
13/11/2019 11:32:18 -9.379099999999998
13/11/2019 11:32:18 31.1583
13/11/2019 11:32:18 0.29240000000000066
13/11/2019 11:32:18 -8.698099999999997
13/11/2019 11:32:18 30.0913
13/11/2019 11:32:18 -0.4845999999999968
13/11/2019 11:32:18 -8.272099999999998
13/11/2019 11:32:18 28.7863
13/11/2019 11:32:18 -0.07259999999999778
13/11/2019 11:32:18 -8.507099999999998
13/11/2019 11:32:18 27.7743
13/11/2019 11:32:18 -0.7945999999999991
13/11/2019 11:32:18 -8.045099999999998
13/11/2019 11:32:18 26.5183
13/11/2019 11:32:18 -0.3785999999999987
13/11/2019 11:32:18 -8.167099999999998
13/11/2019 11:32:18 26.1993
13/11/2019 11:32:18 0.7374000000000009
13/11/2019 11:32:18 -8.572099999999999
13/11/2019 11:32:18 25.4593
13/11/2019 11:32:18 -1.3325999999999993
13/11/2019 11:32:18 -7.616099999999999
13/11/2019 11:32:18 25.2303
13/11/2019 11:32:18 -1.0705999999999989
13/11/2019 11:32:18 -6.128099999999996
13/11/2019 11:32:18 29.9141
13/11/2019 11:32:18 3.9903000000000013
13/11/2019 11:32:18 -12.714699999999997
13/11/2019 11:32:18 27.390500000000003
13/11/2019 11:32:18 6.939700000000002
13/11/2019 11:32:18 -14.503099999999996
13/11/2019 11:32:18 25.6102
13/11/2019 11:32:18 6.3918
13/11/2019 11:32:18 -12.867399999999996
13/11/2019 11:32:18 25.9477
13/11/2019 11:32:18 4.556000000000001
13/11/2019 11:32:18 -11.2473
13/11/2019 11:32:18 27.4085
13/11/2019 11:32:18 3.020100000000003
13/11/2019 11:32:18 -10.281899999999997
13/11/2019 11:32:18 27.5395
13/11/2019 11:32:18 1.456500000000002
13/11/2019 11:32:18 -9.3433
13/11/2019 11:32:18 32.551500000000004
13/11/2019 11:32:18 3.5914
13/11/2019 11:32:18 -11.3036
13/11/2019 11:32:18 32.1712
13/11/2019 11:32:18 -0.026299999999999102
13/11/2019 11:32:18 -8.501199999999997
13/11/2019 11:32:18 30.276400000000002
13/11/2019 11:32:18 -1.4146
13/11/2019 11:32:18 -7.755099999999999
13/11/2019 11:32:18 27.9619
13/11/2019 11:32:18 -1.6774999999999984
13/11/2019 11:32:18 -7.591899999999995
13/11/2019 11:32:18 24.5243
13/11/2019 11:32:18 -1.1846999999999994
13/11/2019 11:32:18 -8.156499999999998
13/11/2019 11:32:18 24.4734
13/11/2019 11:32:18 -1.7577999999999996
13/11/2019 11:32:18 -5.749899999999997
13/11/2019 11:32:18 26.1629
13/11/2019 11:32:18 -1.222999999999999
13/11/2019 11:32:18 -5.5848999999999975
13/11/2019 11:32:18 Rotating...
13/11/2019 11:32:18 Hybridising...
13/11/2019 11:32:18 Writing first mol2 output
13/11/2019 11:32:18 /6TB/Data/covalent/COALA/temp/new_coords_temp.mol2
13/11/2019 11:32:18 Preparing the ligand molecule
13/11/2019 11:32:18 charge present
13/11/2019 11:32:18 ['-0.0880']
13/11/2019 11:32:18 0
13/11/2019 11:32:18 loading file
13/11/2019 11:33:03 Namespace(dms_file='ExampleFiles/pasb_surf.dms', in_file='ExampleFiles/dock.in', mol2_filename='ExampleFiles/4ll0_acryl_lig.mol2', protein_mol2='ExampleFiles/pasb.mol2')
13/11/2019 11:33:03 Mapping...
13/11/2019 11:33:03 Well hello there :)
13/11/2019 11:33:03 1
13/11/2019 11:33:03 21
13/11/2019 11:33:03 20
13/11/2019 11:33:03 22
13/11/2019 11:33:03 23
13/11/2019 11:33:03 28.9593
13/11/2019 11:33:03 4.4924
13/11/2019 11:33:03 -12.7671
13/11/2019 11:33:03 28.7463
13/11/2019 11:33:03 5.479400000000002
13/11/2019 11:33:03 -13.729099999999999
13/11/2019 11:33:03 29.9223
13/11/2019 11:33:03 5.5904000000000025
13/11/2019 11:33:03 -15.214099999999998
13/11/2019 11:33:03 27.5483
13/11/2019 11:33:03 6.163400000000003
13/11/2019 11:33:03 -13.769099999999998
13/11/2019 11:33:03 26.5423
13/11/2019 11:33:03 5.846400000000003
13/11/2019 11:33:03 -12.856099999999998
13/11/2019 11:33:03 26.7423
13/11/2019 11:33:03 4.823400000000003
13/11/2019 11:33:03 -11.928099999999997
13/11/2019 11:33:03 27.945300000000003
13/11/2019 11:33:03 4.150400000000001
13/11/2019 11:33:03 -11.872099999999996
13/11/2019 11:33:03 28.188299999999998
13/11/2019 11:33:03 3.3474000000000004
13/11/2019 11:33:03 -10.8341
13/11/2019 11:33:03 29.4193
13/11/2019 11:33:03 2.9594000000000023
13/11/2019 11:33:03 -10.496099999999998
13/11/2019 11:33:03 29.6173
13/11/2019 11:33:03 1.8994
13/11/2019 11:33:03 -9.621099999999998
13/11/2019 11:33:03 28.5533
13/11/2019 11:33:03 1.1254000000000026
13/11/2019 11:33:03 -9.173099999999998
13/11/2019 11:33:03 30.485300000000002
13/11/2019 11:33:03 3.516400000000001
13/11/2019 11:33:03 -11.089099999999998
13/11/2019 11:33:03 31.7153
13/11/2019 11:33:03 3.105400000000003
13/11/2019 11:33:03 -10.823099999999997
13/11/2019 11:33:03 31.939300000000003
13/11/2019 11:33:03 2.1144
13/11/2019 11:33:03 -9.983099999999997
13/11/2019 11:33:03 30.9233
13/11/2019 11:33:03 1.482400000000002
13/11/2019 11:33:03 -9.379099999999998
13/11/2019 11:33:03 31.1583
13/11/2019 11:33:03 0.29240000000000066
13/11/2019 11:33:03 -8.698099999999997
13/11/2019 11:33:03 30.0913
13/11/2019 11:33:03 -0.4845999999999968
13/11/2019 11:33:03 -8.272099999999998
13/11/2019 11:33:03 28.7863
13/11/2019 11:33:03 -0.07259999999999778
13/11/2019 11:33:03 -8.507099999999998
13/11/2019 11:33:03 27.7743
13/11/2019 11:33:03 -0.7945999999999991
13/11/2019 11:33:03 -8.045099999999998
13/11/2019 11:33:03 26.5183
13/11/2019 11:33:03 -0.3785999999999987
13/11/2019 11:33:03 -8.167099999999998
13/11/2019 11:33:03 26.1993
13/11/2019 11:33:03 0.7374000000000009
13/11/2019 11:33:03 -8.572099999999999
13/11/2019 11:33:03 25.4593
13/11/2019 11:33:03 -1.3325999999999993
13/11/2019 11:33:03 -7.616099999999999
13/11/2019 11:33:03 25.2303
13/11/2019 11:33:03 -1.0705999999999989
13/11/2019 11:33:03 -6.128099999999996
13/11/2019 11:33:03 29.9141
13/11/2019 11:33:03 3.9903000000000013
13/11/2019 11:33:03 -12.714699999999997
13/11/2019 11:33:03 27.390500000000003
13/11/2019 11:33:03 6.939700000000002
13/11/2019 11:33:03 -14.503099999999996
13/11/2019 11:33:03 25.6102
13/11/2019 11:33:03 6.3918
13/11/2019 11:33:03 -12.867399999999996
13/11/2019 11:33:03 25.9477
13/11/2019 11:33:03 4.556000000000001
13/11/2019 11:33:03 -11.2473
13/11/2019 11:33:03 27.4085
13/11/2019 11:33:03 3.020100000000003
13/11/2019 11:33:03 -10.281899999999997
13/11/2019 11:33:03 27.5395
13/11/2019 11:33:03 1.456500000000002
13/11/2019 11:33:03 -9.3433
13/11/2019 11:33:03 32.551500000000004
13/11/2019 11:33:03 3.5914
13/11/2019 11:33:03 -11.3036
13/11/2019 11:33:03 32.1712
13/11/2019 11:33:03 -0.026299999999999102
13/11/2019 11:33:03 -8.501199999999997
13/11/2019 11:33:03 30.276400000000002
13/11/2019 11:33:03 -1.4146
13/11/2019 11:33:03 -7.755099999999999
13/11/2019 11:33:03 27.9619
13/11/2019 11:33:03 -1.6774999999999984
13/11/2019 11:33:03 -7.591899999999995
13/11/2019 11:33:03 24.5243
13/11/2019 11:33:03 -1.1846999999999994
13/11/2019 11:33:03 -8.156499999999998
13/11/2019 11:33:03 24.4734
13/11/2019 11:33:03 -1.7577999999999996
13/11/2019 11:33:03 -5.749899999999997
13/11/2019 11:33:03 26.1629
13/11/2019 11:33:03 -1.222999999999999
13/11/2019 11:33:03 -5.5848999999999975
13/11/2019 11:33:03 Rotating...
13/11/2019 11:33:03 Hybridising...
13/11/2019 11:33:03 Writing first mol2 output
13/11/2019 11:33:03 /6TB/Data/covalent/COALA/temp/new_coords_temp.mol2
13/11/2019 11:33:03 Preparing the ligand molecule
13/11/2019 11:33:03 charge present
13/11/2019 11:33:03 ['-0.0880']
13/11/2019 11:33:03 0
13/11/2019 11:33:03 loading file
13/11/2019 11:33:42 Namespace(dms_file='ExampleFiles/pasb_surf.dms', in_file='ExampleFiles/dock.in', mol2_filename='ExampleFiles/4ll0_acryl_lig.mol2', protein_mol2='ExampleFiles/pasb.mol2')
13/11/2019 11:33:42 Mapping...
13/11/2019 11:33:42 Well hello there :)
13/11/2019 11:33:42 1
13/11/2019 11:33:42 21
13/11/2019 11:33:42 20
13/11/2019 11:33:42 22
13/11/2019 11:33:42 23
13/11/2019 11:33:42 28.9593
13/11/2019 11:33:42 4.4924
13/11/2019 11:33:42 -12.7671
13/11/2019 11:33:42 28.7463
13/11/2019 11:33:42 5.479400000000002
13/11/2019 11:33:42 -13.729099999999999
13/11/2019 11:33:42 29.9223
13/11/2019 11:33:42 5.5904000000000025
13/11/2019 11:33:42 -15.214099999999998
13/11/2019 11:33:42 27.5483
13/11/2019 11:33:42 6.163400000000003
13/11/2019 11:33:42 -13.769099999999998
13/11/2019 11:33:42 26.5423
13/11/2019 11:33:42 5.846400000000003
13/11/2019 11:33:42 -12.856099999999998
13/11/2019 11:33:42 26.7423
13/11/2019 11:33:42 4.823400000000003
13/11/2019 11:33:42 -11.928099999999997
13/11/2019 11:33:42 27.945300000000003
13/11/2019 11:33:42 4.150400000000001
13/11/2019 11:33:42 -11.872099999999996
13/11/2019 11:33:42 28.188299999999998
13/11/2019 11:33:42 3.3474000000000004
13/11/2019 11:33:42 -10.8341
13/11/2019 11:33:42 29.4193
13/11/2019 11:33:42 2.9594000000000023
13/11/2019 11:33:42 -10.496099999999998
13/11/2019 11:33:42 29.6173
13/11/2019 11:33:42 1.8994
13/11/2019 11:33:42 -9.621099999999998
13/11/2019 11:33:42 28.5533
13/11/2019 11:33:42 1.1254000000000026
13/11/2019 11:33:42 -9.173099999999998
13/11/2019 11:33:42 30.485300000000002
13/11/2019 11:33:42 3.516400000000001
13/11/2019 11:33:42 -11.089099999999998
13/11/2019 11:33:42 31.7153
13/11/2019 11:33:42 3.105400000000003
13/11/2019 11:33:42 -10.823099999999997
13/11/2019 11:33:42 31.939300000000003
13/11/2019 11:33:42 2.1144
13/11/2019 11:33:42 -9.983099999999997
13/11/2019 11:33:42 30.9233
13/11/2019 11:33:42 1.482400000000002
13/11/2019 11:33:42 -9.379099999999998
13/11/2019 11:33:42 31.1583
13/11/2019 11:33:42 0.29240000000000066
13/11/2019 11:33:42 -8.698099999999997
13/11/2019 11:33:42 30.0913
13/11/2019 11:33:42 -0.4845999999999968
13/11/2019 11:33:42 -8.272099999999998
13/11/2019 11:33:42 28.7863
13/11/2019 11:33:42 -0.07259999999999778
13/11/2019 11:33:42 -8.507099999999998
13/11/2019 11:33:42 27.7743
13/11/2019 11:33:42 -0.7945999999999991
13/11/2019 11:33:42 -8.045099999999998
13/11/2019 11:33:42 26.5183
13/11/2019 11:33:42 -0.3785999999999987
13/11/2019 11:33:42 -8.167099999999998
13/11/2019 11:33:42 26.1993
13/11/2019 11:33:42 0.7374000000000009
13/11/2019 11:33:42 -8.572099999999999
13/11/2019 11:33:42 25.4593
13/11/2019 11:33:42 -1.3325999999999993
13/11/2019 11:33:42 -7.616099999999999
13/11/2019 11:33:42 25.2303
13/11/2019 11:33:42 -1.0705999999999989
13/11/2019 11:33:42 -6.128099999999996
13/11/2019 11:33:42 29.9141
13/11/2019 11:33:42 3.9903000000000013
13/11/2019 11:33:42 -12.714699999999997
13/11/2019 11:33:42 27.390500000000003
13/11/2019 11:33:42 6.939700000000002
13/11/2019 11:33:42 -14.503099999999996
13/11/2019 11:33:42 25.6102
13/11/2019 11:33:42 6.3918
13/11/2019 11:33:42 -12.867399999999996
13/11/2019 11:33:42 25.9477
13/11/2019 11:33:42 4.556000000000001
13/11/2019 11:33:42 -11.2473
13/11/2019 11:33:42 27.4085
13/11/2019 11:33:42 3.020100000000003
13/11/2019 11:33:42 -10.281899999999997
13/11/2019 11:33:42 27.5395
13/11/2019 11:33:42 1.456500000000002
13/11/2019 11:33:42 -9.3433
13/11/2019 11:33:42 32.551500000000004
13/11/2019 11:33:42 3.5914
13/11/2019 11:33:42 -11.3036
13/11/2019 11:33:42 32.1712
13/11/2019 11:33:42 -0.026299999999999102
13/11/2019 11:33:42 -8.501199999999997
13/11/2019 11:33:42 30.276400000000002
13/11/2019 11:33:42 -1.4146
13/11/2019 11:33:42 -7.755099999999999
13/11/2019 11:33:42 27.9619
13/11/2019 11:33:42 -1.6774999999999984
13/11/2019 11:33:42 -7.591899999999995
13/11/2019 11:33:42 24.5243
13/11/2019 11:33:42 -1.1846999999999994
13/11/2019 11:33:42 -8.156499999999998
13/11/2019 11:33:42 24.4734
13/11/2019 11:33:42 -1.7577999999999996
13/11/2019 11:33:42 -5.749899999999997
13/11/2019 11:33:42 26.1629
13/11/2019 11:33:42 -1.222999999999999
13/11/2019 11:33:42 -5.5848999999999975
13/11/2019 11:33:42 Rotating...
13/11/2019 11:33:42 Hybridising...
13/11/2019 11:33:42 Writing first mol2 output
13/11/2019 11:33:42 /6TB/Data/covalent/COALA/temp/new_coords_temp.mol2
13/11/2019 11:33:42 Preparing the ligand molecule
13/11/2019 11:33:42 charge present
13/11/2019 11:33:42 ['-0.0880']
13/11/2019 11:33:42 0
13/11/2019 11:33:42 loading file
13/11/2019 11:34:52 Namespace(dms_file='ExampleFiles/pasb_surf.dms', in_file='ExampleFiles/dock.in', mol2_filename='ExampleFiles/4ll0_acryl_lig.mol2', protein_mol2='ExampleFiles/pasb.mol2')
13/11/2019 11:34:52 Mapping...
13/11/2019 11:34:52 Well hello there :)
13/11/2019 11:34:52 1
13/11/2019 11:34:52 21
13/11/2019 11:34:52 20
13/11/2019 11:34:52 22
13/11/2019 11:34:52 23
13/11/2019 11:34:52 28.9593
13/11/2019 11:34:52 4.4924
13/11/2019 11:34:52 -12.7671
13/11/2019 11:34:52 28.7463
13/11/2019 11:34:52 5.479400000000002
13/11/2019 11:34:52 -13.729099999999999
13/11/2019 11:34:52 29.9223
13/11/2019 11:34:52 5.5904000000000025
13/11/2019 11:34:52 -15.214099999999998
13/11/2019 11:34:52 27.5483
13/11/2019 11:34:52 6.163400000000003
13/11/2019 11:34:52 -13.769099999999998
13/11/2019 11:34:52 26.5423
13/11/2019 11:34:52 5.846400000000003
13/11/2019 11:34:52 -12.856099999999998
13/11/2019 11:34:52 26.7423
13/11/2019 11:34:52 4.823400000000003
13/11/2019 11:34:52 -11.928099999999997
13/11/2019 11:34:52 27.945300000000003
13/11/2019 11:34:52 4.150400000000001
13/11/2019 11:34:52 -11.872099999999996
13/11/2019 11:34:52 28.188299999999998
13/11/2019 11:34:52 3.3474000000000004
13/11/2019 11:34:52 -10.8341
13/11/2019 11:34:52 29.4193
13/11/2019 11:34:52 2.9594000000000023
13/11/2019 11:34:52 -10.496099999999998
13/11/2019 11:34:52 29.6173
13/11/2019 11:34:52 1.8994
13/11/2019 11:34:52 -9.621099999999998
13/11/2019 11:34:52 28.5533
13/11/2019 11:34:52 1.1254000000000026
13/11/2019 11:34:52 -9.173099999999998
13/11/2019 11:34:52 30.485300000000002
13/11/2019 11:34:52 3.516400000000001
13/11/2019 11:34:52 -11.089099999999998
13/11/2019 11:34:52 31.7153
13/11/2019 11:34:52 3.105400000000003
13/11/2019 11:34:52 -10.823099999999997
13/11/2019 11:34:52 31.939300000000003
13/11/2019 11:34:52 2.1144
13/11/2019 11:34:52 -9.983099999999997
13/11/2019 11:34:52 30.9233
13/11/2019 11:34:52 1.482400000000002
13/11/2019 11:34:52 -9.379099999999998
13/11/2019 11:34:52 31.1583
13/11/2019 11:34:52 0.29240000000000066
13/11/2019 11:34:52 -8.698099999999997
13/11/2019 11:34:52 30.0913
13/11/2019 11:34:52 -0.4845999999999968
13/11/2019 11:34:52 -8.272099999999998
13/11/2019 11:34:52 28.7863
13/11/2019 11:34:52 -0.07259999999999778
13/11/2019 11:34:52 -8.507099999999998
13/11/2019 11:34:52 27.7743
13/11/2019 11:34:52 -0.7945999999999991
13/11/2019 11:34:52 -8.045099999999998
13/11/2019 11:34:52 26.5183
13/11/2019 11:34:52 -0.3785999999999987
13/11/2019 11:34:52 -8.167099999999998
13/11/2019 11:34:52 26.1993
13/11/2019 11:34:52 0.7374000000000009
13/11/2019 11:34:52 -8.572099999999999
13/11/2019 11:34:52 25.4593
13/11/2019 11:34:52 -1.3325999999999993
13/11/2019 11:34:52 -7.616099999999999
13/11/2019 11:34:52 25.2303
13/11/2019 11:34:52 -1.0705999999999989
13/11/2019 11:34:52 -6.128099999999996
13/11/2019 11:34:52 29.9141
13/11/2019 11:34:52 3.9903000000000013
13/11/2019 11:34:52 -12.714699999999997
13/11/2019 11:34:52 27.390500000000003
13/11/2019 11:34:52 6.939700000000002
13/11/2019 11:34:52 -14.503099999999996
13/11/2019 11:34:52 25.6102
13/11/2019 11:34:52 6.3918
13/11/2019 11:34:52 -12.867399999999996
13/11/2019 11:34:52 25.9477
13/11/2019 11:34:52 4.556000000000001
13/11/2019 11:34:52 -11.2473
13/11/2019 11:34:52 27.4085
13/11/2019 11:34:52 3.020100000000003
13/11/2019 11:34:52 -10.281899999999997
13/11/2019 11:34:52 27.5395
13/11/2019 11:34:52 1.456500000000002
13/11/2019 11:34:52 -9.3433
13/11/2019 11:34:52 32.551500000000004
13/11/2019 11:34:52 3.5914
13/11/2019 11:34:52 -11.3036
13/11/2019 11:34:52 32.1712
13/11/2019 11:34:52 -0.026299999999999102
13/11/2019 11:34:52 -8.501199999999997
13/11/2019 11:34:52 30.276400000000002
13/11/2019 11:34:52 -1.4146
13/11/2019 11:34:52 -7.755099999999999
13/11/2019 11:34:52 27.9619
13/11/2019 11:34:52 -1.6774999999999984
13/11/2019 11:34:52 -7.591899999999995
13/11/2019 11:34:52 24.5243
13/11/2019 11:34:52 -1.1846999999999994
13/11/2019 11:34:52 -8.156499999999998
13/11/2019 11:34:52 24.4734
13/11/2019 11:34:52 -1.7577999999999996
13/11/2019 11:34:52 -5.749899999999997
13/11/2019 11:34:52 26.1629
13/11/2019 11:34:52 -1.222999999999999
13/11/2019 11:34:52 -5.5848999999999975
13/11/2019 11:34:52 Rotating...
13/11/2019 11:34:52 Hybridising...
13/11/2019 11:34:52 Writing first mol2 output
13/11/2019 11:34:52 /6TB/Data/covalent/COALA/temp/new_coords_temp.mol2
13/11/2019 11:34:52 Preparing the ligand molecule
13/11/2019 11:34:52 charge present
13/11/2019 11:34:52 ['-0.0880']
13/11/2019 11:34:52 0
13/11/2019 11:34:52 loading file
13/11/2019 11:35:19 Namespace(dms_file='ExampleFiles/pasb_surf.dms', in_file='ExampleFiles/dock.in', mol2_filename='ExampleFiles/4ll0_acryl_lig.mol2', protein_mol2='ExampleFiles/pasb.mol2')
13/11/2019 11:35:19 Mapping...
13/11/2019 11:35:19 Well hello there :)
13/11/2019 11:35:19 1
13/11/2019 11:35:19 21
13/11/2019 11:35:19 20
13/11/2019 11:35:19 22
13/11/2019 11:35:19 23
13/11/2019 11:35:19 28.9593
13/11/2019 11:35:19 4.4924
13/11/2019 11:35:19 -12.7671
13/11/2019 11:35:19 28.7463
13/11/2019 11:35:19 5.479400000000002
13/11/2019 11:35:19 -13.729099999999999
13/11/2019 11:35:19 29.9223
13/11/2019 11:35:19 5.5904000000000025
13/11/2019 11:35:19 -15.214099999999998
13/11/2019 11:35:19 27.5483
13/11/2019 11:35:19 6.163400000000003
13/11/2019 11:35:19 -13.769099999999998
13/11/2019 11:35:19 26.5423
13/11/2019 11:35:19 5.846400000000003
13/11/2019 11:35:19 -12.856099999999998
13/11/2019 11:35:19 26.7423
13/11/2019 11:35:19 4.823400000000003
13/11/2019 11:35:19 -11.928099999999997
13/11/2019 11:35:19 27.945300000000003
13/11/2019 11:35:19 4.150400000000001
13/11/2019 11:35:19 -11.872099999999996
13/11/2019 11:35:19 28.188299999999998
13/11/2019 11:35:19 3.3474000000000004
13/11/2019 11:35:19 -10.8341
13/11/2019 11:35:19 29.4193
13/11/2019 11:35:19 2.9594000000000023
13/11/2019 11:35:19 -10.496099999999998
13/11/2019 11:35:19 29.6173
13/11/2019 11:35:19 1.8994
13/11/2019 11:35:19 -9.621099999999998
13/11/2019 11:35:19 28.5533
13/11/2019 11:35:19 1.1254000000000026
13/11/2019 11:35:19 -9.173099999999998
13/11/2019 11:35:19 30.485300000000002
13/11/2019 11:35:19 3.516400000000001
13/11/2019 11:35:19 -11.089099999999998
13/11/2019 11:35:19 31.7153
13/11/2019 11:35:19 3.105400000000003
13/11/2019 11:35:19 -10.823099999999997
13/11/2019 11:35:19 31.939300000000003
13/11/2019 11:35:19 2.1144
13/11/2019 11:35:19 -9.983099999999997
13/11/2019 11:35:19 30.9233
13/11/2019 11:35:19 1.482400000000002
13/11/2019 11:35:19 -9.379099999999998
13/11/2019 11:35:19 31.1583
13/11/2019 11:35:19 0.29240000000000066
13/11/2019 11:35:19 -8.698099999999997
13/11/2019 11:35:19 30.0913
13/11/2019 11:35:19 -0.4845999999999968
13/11/2019 11:35:19 -8.272099999999998
13/11/2019 11:35:19 28.7863
13/11/2019 11:35:19 -0.07259999999999778
13/11/2019 11:35:19 -8.507099999999998
13/11/2019 11:35:19 27.7743
13/11/2019 11:35:19 -0.7945999999999991
13/11/2019 11:35:19 -8.045099999999998
13/11/2019 11:35:19 26.5183
13/11/2019 11:35:19 -0.3785999999999987
13/11/2019 11:35:19 -8.167099999999998
13/11/2019 11:35:19 26.1993
13/11/2019 11:35:19 0.7374000000000009
13/11/2019 11:35:19 -8.572099999999999
13/11/2019 11:35:19 25.4593
13/11/2019 11:35:19 -1.3325999999999993
13/11/2019 11:35:19 -7.616099999999999
13/11/2019 11:35:19 25.2303
13/11/2019 11:35:19 -1.0705999999999989
13/11/2019 11:35:19 -6.128099999999996
13/11/2019 11:35:19 29.9141
13/11/2019 11:35:19 3.9903000000000013
13/11/2019 11:35:19 -12.714699999999997
13/11/2019 11:35:19 27.390500000000003
13/11/2019 11:35:19 6.939700000000002
13/11/2019 11:35:19 -14.503099999999996
13/11/2019 11:35:19 25.6102
13/11/2019 11:35:19 6.3918
13/11/2019 11:35:19 -12.867399999999996
13/11/2019 11:35:19 25.9477
13/11/2019 11:35:19 4.556000000000001
13/11/2019 11:35:19 -11.2473
13/11/2019 11:35:19 27.4085
13/11/2019 11:35:19 3.020100000000003
13/11/2019 11:35:19 -10.281899999999997
13/11/2019 11:35:19 27.5395
13/11/2019 11:35:19 1.456500000000002
13/11/2019 11:35:19 -9.3433
13/11/2019 11:35:19 32.551500000000004
13/11/2019 11:35:19 3.5914
13/11/2019 11:35:19 -11.3036
13/11/2019 11:35:19 32.1712
13/11/2019 11:35:19 -0.026299999999999102
13/11/2019 11:35:19 -8.501199999999997
13/11/2019 11:35:19 30.276400000000002
13/11/2019 11:35:19 -1.4146
13/11/2019 11:35:19 -7.755099999999999
13/11/2019 11:35:19 27.9619
13/11/2019 11:35:19 -1.6774999999999984
13/11/2019 11:35:19 -7.591899999999995
13/11/2019 11:35:19 24.5243
13/11/2019 11:35:19 -1.1846999999999994
13/11/2019 11:35:19 -8.156499999999998
13/11/2019 11:35:19 24.4734
13/11/2019 11:35:19 -1.7577999999999996
13/11/2019 11:35:19 -5.749899999999997
13/11/2019 11:35:19 26.1629
13/11/2019 11:35:19 -1.222999999999999
13/11/2019 11:35:19 -5.5848999999999975
13/11/2019 11:35:19 Rotating...
13/11/2019 11:35:19 Hybridising...
13/11/2019 11:35:19 Writing first mol2 output
13/11/2019 11:35:19 /6TB/Data/covalent/COALA/temp/new_coords_temp.mol2
13/11/2019 11:35:19 Preparing the ligand molecule
13/11/2019 11:35:19 charge present
13/11/2019 11:35:19 ['-0.0880']
13/11/2019 11:35:19 0
13/11/2019 11:35:19 loading file
13/11/2019 11:35:28 Namespace(dms_file='ExampleFiles/pasb_surf.dms', in_file='ExampleFiles/dock.in', mol2_filename='ExampleFiles/4ll0_acryl_lig.mol2', protein_mol2='ExampleFiles/pasb.mol2')
13/11/2019 11:35:28 Mapping...
13/11/2019 11:35:28 Well hello there :)
13/11/2019 11:35:28 1
13/11/2019 11:35:28 21
13/11/2019 11:35:28 20
13/11/2019 11:35:28 22
13/11/2019 11:35:28 23
13/11/2019 11:35:28 28.9593
13/11/2019 11:35:28 4.4924
13/11/2019 11:35:28 -12.7671
13/11/2019 11:35:28 28.7463
13/11/2019 11:35:28 5.479400000000002
13/11/2019 11:35:28 -13.729099999999999
13/11/2019 11:35:28 29.9223
13/11/2019 11:35:28 5.5904000000000025
13/11/2019 11:35:28 -15.214099999999998
13/11/2019 11:35:28 27.5483
13/11/2019 11:35:28 6.163400000000003
13/11/2019 11:35:28 -13.769099999999998
13/11/2019 11:35:28 26.5423
13/11/2019 11:35:28 5.846400000000003
13/11/2019 11:35:28 -12.856099999999998
13/11/2019 11:35:28 26.7423
13/11/2019 11:35:28 4.823400000000003
13/11/2019 11:35:28 -11.928099999999997
13/11/2019 11:35:28 27.945300000000003
13/11/2019 11:35:28 4.150400000000001
13/11/2019 11:35:28 -11.872099999999996
13/11/2019 11:35:28 28.188299999999998
13/11/2019 11:35:28 3.3474000000000004
13/11/2019 11:35:28 -10.8341
13/11/2019 11:35:28 29.4193
13/11/2019 11:35:28 2.9594000000000023
13/11/2019 11:35:28 -10.496099999999998
13/11/2019 11:35:28 29.6173
13/11/2019 11:35:28 1.8994
13/11/2019 11:35:28 -9.621099999999998
13/11/2019 11:35:28 28.5533
13/11/2019 11:35:28 1.1254000000000026
13/11/2019 11:35:28 -9.173099999999998
13/11/2019 11:35:28 30.485300000000002
13/11/2019 11:35:28 3.516400000000001
13/11/2019 11:35:28 -11.089099999999998
13/11/2019 11:35:28 31.7153
13/11/2019 11:35:28 3.105400000000003
13/11/2019 11:35:28 -10.823099999999997
13/11/2019 11:35:28 31.939300000000003
13/11/2019 11:35:28 2.1144
13/11/2019 11:35:28 -9.983099999999997
13/11/2019 11:35:28 30.9233
13/11/2019 11:35:28 1.482400000000002
13/11/2019 11:35:28 -9.379099999999998
13/11/2019 11:35:28 31.1583
13/11/2019 11:35:28 0.29240000000000066
13/11/2019 11:35:28 -8.698099999999997
13/11/2019 11:35:28 30.0913
13/11/2019 11:35:28 -0.4845999999999968
13/11/2019 11:35:28 -8.272099999999998
13/11/2019 11:35:28 28.7863
13/11/2019 11:35:28 -0.07259999999999778
13/11/2019 11:35:28 -8.507099999999998
13/11/2019 11:35:28 27.7743
13/11/2019 11:35:28 -0.7945999999999991
13/11/2019 11:35:28 -8.045099999999998
13/11/2019 11:35:28 26.5183
13/11/2019 11:35:28 -0.3785999999999987
13/11/2019 11:35:28 -8.167099999999998
13/11/2019 11:35:28 26.1993
13/11/2019 11:35:28 0.7374000000000009
13/11/2019 11:35:28 -8.572099999999999
13/11/2019 11:35:28 25.4593
13/11/2019 11:35:28 -1.3325999999999993
13/11/2019 11:35:28 -7.616099999999999
13/11/2019 11:35:28 25.2303
13/11/2019 11:35:28 -1.0705999999999989
13/11/2019 11:35:28 -6.128099999999996
13/11/2019 11:35:28 29.9141
13/11/2019 11:35:28 3.9903000000000013
13/11/2019 11:35:28 -12.714699999999997
13/11/2019 11:35:28 27.390500000000003
13/11/2019 11:35:28 6.939700000000002
13/11/2019 11:35:28 -14.503099999999996
13/11/2019 11:35:28 25.6102
13/11/2019 11:35:28 6.3918
13/11/2019 11:35:28 -12.867399999999996
13/11/2019 11:35:28 25.9477
13/11/2019 11:35:28 4.556000000000001
13/11/2019 11:35:28 -11.2473
13/11/2019 11:35:28 27.4085
13/11/2019 11:35:28 3.020100000000003
13/11/2019 11:35:28 -10.281899999999997
13/11/2019 11:35:28 27.5395
13/11/2019 11:35:28 1.456500000000002
13/11/2019 11:35:28 -9.3433
13/11/2019 11:35:28 32.551500000000004
13/11/2019 11:35:28 3.5914
13/11/2019 11:35:28 -11.3036
13/11/2019 11:35:28 32.1712
13/11/2019 11:35:28 -0.026299999999999102
13/11/2019 11:35:28 -8.501199999999997
13/11/2019 11:35:28 30.276400000000002
13/11/2019 11:35:28 -1.4146
13/11/2019 11:35:28 -7.755099999999999
13/11/2019 11:35:28 27.9619
13/11/2019 11:35:28 -1.6774999999999984
13/11/2019 11:35:28 -7.591899999999995
13/11/2019 11:35:28 24.5243
13/11/2019 11:35:28 -1.1846999999999994
13/11/2019 11:35:28 -8.156499999999998
13/11/2019 11:35:28 24.4734
13/11/2019 11:35:28 -1.7577999999999996
13/11/2019 11:35:28 -5.749899999999997
13/11/2019 11:35:28 26.1629
13/11/2019 11:35:28 -1.222999999999999
13/11/2019 11:35:28 -5.5848999999999975
13/11/2019 11:35:28 Rotating...
13/11/2019 11:35:28 Hybridising...
13/11/2019 11:35:28 Writing first mol2 output
13/11/2019 11:35:28 /6TB/Data/covalent/COALA/temp/new_coords_temp.mol2
13/11/2019 11:35:28 Preparing the ligand molecule
13/11/2019 11:35:28 charge present
13/11/2019 11:35:28 ['-0.0880']
13/11/2019 11:35:28 0
13/11/2019 11:35:28 loading file
13/11/2019 11:36:46 Namespace(dms_file='ExampleFiles/pasb_surf.dms', in_file='ExampleFiles/dock.in', mol2_filename='ExampleFiles/4ll0_acryl_lig.mol2', protein_mol2='ExampleFiles/pasb.mol2')
13/11/2019 11:36:46 Mapping...
13/11/2019 11:36:46 Well hello there :)
13/11/2019 11:36:46 1
13/11/2019 11:36:46 21
13/11/2019 11:36:46 20
13/11/2019 11:36:46 22
13/11/2019 11:36:46 23
13/11/2019 11:36:46 28.9593
13/11/2019 11:36:46 4.4924
13/11/2019 11:36:46 -12.7671
13/11/2019 11:36:46 28.7463
13/11/2019 11:36:46 5.479400000000002
13/11/2019 11:36:46 -13.729099999999999
13/11/2019 11:36:46 29.9223
13/11/2019 11:36:46 5.5904000000000025
13/11/2019 11:36:46 -15.214099999999998
13/11/2019 11:36:46 27.5483
13/11/2019 11:36:46 6.163400000000003
13/11/2019 11:36:46 -13.769099999999998
13/11/2019 11:36:46 26.5423
13/11/2019 11:36:46 5.846400000000003
13/11/2019 11:36:46 -12.856099999999998
13/11/2019 11:36:46 26.7423
13/11/2019 11:36:46 4.823400000000003
13/11/2019 11:36:46 -11.928099999999997
13/11/2019 11:36:46 27.945300000000003
13/11/2019 11:36:46 4.150400000000001
13/11/2019 11:36:46 -11.872099999999996
13/11/2019 11:36:46 28.188299999999998
13/11/2019 11:36:46 3.3474000000000004
13/11/2019 11:36:46 -10.8341
13/11/2019 11:36:46 29.4193
13/11/2019 11:36:46 2.9594000000000023
13/11/2019 11:36:46 -10.496099999999998
13/11/2019 11:36:46 29.6173
13/11/2019 11:36:46 1.8994
13/11/2019 11:36:46 -9.621099999999998
13/11/2019 11:36:46 28.5533
13/11/2019 11:36:46 1.1254000000000026
13/11/2019 11:36:46 -9.173099999999998
13/11/2019 11:36:46 30.485300000000002
13/11/2019 11:36:46 3.516400000000001
13/11/2019 11:36:46 -11.089099999999998
13/11/2019 11:36:46 31.7153
13/11/2019 11:36:46 3.105400000000003
13/11/2019 11:36:46 -10.823099999999997
13/11/2019 11:36:46 31.939300000000003
13/11/2019 11:36:46 2.1144
13/11/2019 11:36:46 -9.983099999999997
13/11/2019 11:36:46 30.9233
13/11/2019 11:36:46 1.482400000000002
13/11/2019 11:36:46 -9.379099999999998
13/11/2019 11:36:46 31.1583
13/11/2019 11:36:46 0.29240000000000066
13/11/2019 11:36:46 -8.698099999999997
13/11/2019 11:36:46 30.0913
13/11/2019 11:36:46 -0.4845999999999968
13/11/2019 11:36:46 -8.272099999999998
13/11/2019 11:36:46 28.7863
13/11/2019 11:36:46 -0.07259999999999778
13/11/2019 11:36:46 -8.507099999999998
13/11/2019 11:36:46 27.7743
13/11/2019 11:36:46 -0.7945999999999991
13/11/2019 11:36:46 -8.045099999999998
13/11/2019 11:36:46 26.5183
13/11/2019 11:36:46 -0.3785999999999987
13/11/2019 11:36:46 -8.167099999999998
13/11/2019 11:36:46 26.1993
13/11/2019 11:36:46 0.7374000000000009
13/11/2019 11:36:46 -8.572099999999999
13/11/2019 11:36:46 25.4593
13/11/2019 11:36:46 -1.3325999999999993
13/11/2019 11:36:46 -7.616099999999999
13/11/2019 11:36:46 25.2303
13/11/2019 11:36:46 -1.0705999999999989
13/11/2019 11:36:46 -6.128099999999996
13/11/2019 11:36:46 29.9141
13/11/2019 11:36:46 3.9903000000000013
13/11/2019 11:36:46 -12.714699999999997
13/11/2019 11:36:46 27.390500000000003
13/11/2019 11:36:46 6.939700000000002
13/11/2019 11:36:46 -14.503099999999996
13/11/2019 11:36:46 25.6102
13/11/2019 11:36:46 6.3918
13/11/2019 11:36:46 -12.867399999999996
13/11/2019 11:36:46 25.9477
13/11/2019 11:36:46 4.556000000000001
13/11/2019 11:36:46 -11.2473
13/11/2019 11:36:46 27.4085
13/11/2019 11:36:46 3.020100000000003
13/11/2019 11:36:46 -10.281899999999997
13/11/2019 11:36:46 27.5395
13/11/2019 11:36:46 1.456500000000002
13/11/2019 11:36:46 -9.3433
13/11/2019 11:36:46 32.551500000000004
13/11/2019 11:36:46 3.5914
13/11/2019 11:36:46 -11.3036
13/11/2019 11:36:46 32.1712
13/11/2019 11:36:46 -0.026299999999999102
13/11/2019 11:36:46 -8.501199999999997
13/11/2019 11:36:46 30.276400000000002
13/11/2019 11:36:46 -1.4146
13/11/2019 11:36:46 -7.755099999999999
13/11/2019 11:36:46 27.9619
13/11/2019 11:36:46 -1.6774999999999984
13/11/2019 11:36:46 -7.591899999999995
13/11/2019 11:36:46 24.5243
13/11/2019 11:36:46 -1.1846999999999994
13/11/2019 11:36:46 -8.156499999999998
13/11/2019 11:36:46 24.4734
13/11/2019 11:36:46 -1.7577999999999996
13/11/2019 11:36:46 -5.749899999999997
13/11/2019 11:36:46 26.1629
13/11/2019 11:36:46 -1.222999999999999
13/11/2019 11:36:46 -5.5848999999999975
13/11/2019 11:36:46 Rotating...
13/11/2019 11:36:46 Hybridising...
13/11/2019 11:36:46 Writing first mol2 output
13/11/2019 11:36:46 /6TB/Data/covalent/COALA/temp/new_coords_temp.mol2
13/11/2019 11:36:46 Preparing the ligand molecule
13/11/2019 11:36:46 charge present
13/11/2019 11:36:46 ['-0.0880']
13/11/2019 11:36:46 0
13/11/2019 11:36:46 loading file
13/11/2019 11:36:46 Writing the 2nd mol2 file
13/11/2019 11:36:46 temp/4ll0_acryl_lig_mol_1_charge.mol2
13/11/2019 11:36:46 ACPYPE running
13/11/2019 11:36:46 temp/4ll0_acryl_lig_mol_1_charge.mol2
13/11/2019 11:36:46 b'============================================================================\n'
13/11/2019 11:36:46 b'| ACPYPE: AnteChamber PYthon Parser interfacE v. 0 0 Rev: 0 (c) 2019 AWSdS |\n'
13/11/2019 11:36:46 b'============================================================================\n'
13/11/2019 11:36:46 b'ERROR: Atoms TOO close (< 0.5 Ang.)\n'
13/11/2019 11:36:46 b'++++++++++start_quote+++++++++++++++++++++++++++++++++++++++++++++++++++++++++++\n'
13/11/2019 11:36:46 b'Dist (Ang.)    Atoms\n'
13/11/2019 11:36:46 b" 0.48649       ['ATOM     37  Hx  '] ['ATOM     34  HAO3']\n"
13/11/2019 11:36:46 b'++++++++++end_quote+++++++++++++++++++++++++++++++++++++++++++++++++++++++++++++\n'
13/11/2019 11:36:46 b"ERROR: Use '-f' option if you want to proceed anyway. Aborting ...\n"
13/11/2019 11:36:46 b'ACPYPE FAILED: 1\n'
13/11/2019 11:36:46 b'Total time of execution: less than a second\n'
13/11/2019 11:36:46 1
13/11/2019 11:36:46 I guess that's a success. ciao
